TN:
SF:generated/prisma/index.js
FN:270,(anonymous_0)
FNF:1
FNH:0
FNDA:0,(anonymous_0)
DA:5,1
DA:29,1
DA:32,1
DA:34,1
DA:35,1
DA:41,1
DA:46,1
DA:47,1
DA:48,1
DA:49,1
DA:50,1
DA:51,1
DA:56,1
DA:57,1
DA:58,1
DA:59,1
DA:60,1
DA:65,1
DA:66,1
DA:71,1
DA:72,1
DA:73,1
DA:75,1
DA:84,1
DA:89,1
DA:96,1
DA:110,1
DA:123,1
DA:135,1
DA:147,1
DA:163,1
DA:168,1
DA:173,1
DA:179,1
DA:186,1
DA:191,1
DA:201,1
DA:211,1
DA:261,1
DA:263,1
DA:264,1
DA:265,0
DA:270,0
DA:271,0
DA:274,0
DA:275,0
DA:278,1
DA:279,1
DA:280,1
DA:281,1
DA:284,1
DA:286,1
DA:291,1
DA:292,1
DA:293,1
DA:296,1
DA:297,1
DA:299,1
DA:300,1
LF:59
LH:54
BRDA:264,0,0,0
BRDA:264,0,1,1
BRDA:270,1,0,0
BRDA:270,1,1,0
BRDA:287,2,0,1
BRDA:287,2,1,0
BRDA:288,3,0,1
BRDA:288,3,1,1
BRF:8
BRH:4
end_of_record
TN:
SF:generated/prisma/runtime/library.js
FN:4,(anonymous_0)
FN:4,(anonymous_1)
FN:4,(anonymous_2)
FN:4,(anonymous_3)
FN:4,(anonymous_4)
FN:4,(anonymous_5)
FN:4,(anonymous_6)
FN:4,(anonymous_7)
FN:4,(anonymous_8)
FN:4,(anonymous_9)
FN:4,(anonymous_10)
FN:4,(anonymous_11)
FN:4,bi
FN:4,Ei
FN:4,(anonymous_14)
FN:4,Vc
FN:4,(anonymous_16)
FN:4,cs
FN:4,(anonymous_18)
FN:4,wi
FN:4,(anonymous_20)
FN:4,(anonymous_21)
FN:4,(anonymous_22)
FN:4,(anonymous_23)
FN:4,(anonymous_24)
FN:4,(anonymous_25)
FN:4,(anonymous_26)
FN:4,(anonymous_27)
FN:4,(anonymous_28)
FN:4,(anonymous_29)
FN:4,(anonymous_30)
FN:4,(anonymous_31)
FN:4,(anonymous_32)
FN:4,(anonymous_33)
FN:4,pp
FN:6,dp
FN:6,mp
FN:6,ot
FN:6,ks
FN:6,fp
FN:6,Ds
FN:6,Cs
FN:6,gp
FN:6,hp
FN:6,yp
FN:6,bp
FN:6,Ep
FN:6,(anonymous_47)
FN:6,(anonymous_48)
FN:6,(anonymous_49)
FN:6,(anonymous_50)
FN:6,e
FN:6,(anonymous_52)
FN:6,(anonymous_53)
FN:6,(anonymous_54)
FN:6,(anonymous_55)
FN:6,(anonymous_56)
FN:6,(anonymous_57)
FN:6,(anonymous_58)
FN:6,(anonymous_59)
FN:6,(anonymous_60)
FN:6,(anonymous_61)
FN:6,(anonymous_62)
FN:6,(anonymous_63)
FN:6,(anonymous_64)
FN:6,(anonymous_65)
FN:6,(anonymous_66)
FN:6,(anonymous_67)
FN:6,(anonymous_68)
FN:6,(anonymous_69)
FN:6,(anonymous_70)
FN:6,(anonymous_71)
FN:6,(anonymous_72)
FN:6,(anonymous_73)
FN:6,(anonymous_74)
FN:6,(anonymous_75)
FN:6,(anonymous_76)
FN:6,(anonymous_77)
FN:6,(anonymous_78)
FN:6,(anonymous_79)
FN:6,(anonymous_80)
FN:6,(anonymous_81)
FN:6,(anonymous_82)
FN:6,(anonymous_83)
FN:6,(anonymous_84)
FN:6,(anonymous_85)
FN:6,(anonymous_86)
FN:6,No
FN:6,(anonymous_88)
FN:6,Lo
FN:6,(anonymous_90)
FN:6,Fo
FN:6,(anonymous_92)
FN:6,(anonymous_93)
FN:6,(anonymous_94)
FN:6,(anonymous_95)
FN:6,(anonymous_96)
FN:6,(anonymous_97)
FN:6,(anonymous_98)
FN:6,(anonymous_99)
FN:6,(anonymous_100)
FN:6,(anonymous_101)
FN:6,(anonymous_102)
FN:6,(anonymous_103)
FN:6,(anonymous_104)
FN:6,(anonymous_105)
FN:6,(anonymous_106)
FN:6,(anonymous_107)
FN:6,(anonymous_108)
FN:6,(anonymous_109)
FN:6,(anonymous_110)
FN:6,(anonymous_111)
FN:6,(anonymous_112)
FN:6,(anonymous_113)
FN:6,(anonymous_114)
FN:6,(anonymous_115)
FN:6,(anonymous_116)
FN:6,(anonymous_117)
FN:6,(anonymous_118)
FN:6,(anonymous_119)
FN:6,F
FN:6,(anonymous_121)
FN:6,(anonymous_122)
FN:6,(anonymous_123)
FN:6,(anonymous_124)
FN:6,(anonymous_125)
FN:6,(anonymous_126)
FN:6,(anonymous_127)
FN:6,(anonymous_128)
FN:6,Wu
FN:6,(anonymous_130)
FN:6,(anonymous_131)
FN:6,(anonymous_132)
FN:6,(anonymous_133)
FN:6,(anonymous_134)
FN:6,(anonymous_135)
FN:6,(anonymous_136)
FN:6,Ju
FN:6,(anonymous_138)
FN:6,Go
FN:6,(anonymous_140)
FN:6,(anonymous_141)
FN:7,Qo
FN:7,li
FN:7,Gt
FN:7,(anonymous_145)
FN:7,(anonymous_146)
FN:7,(anonymous_147)
FN:7,(anonymous_148)
FN:7,(anonymous_149)
FN:7,(anonymous_150)
FN:7,(anonymous_151)
FN:7,(anonymous_152)
FN:7,(anonymous_153)
FN:7,(anonymous_154)
FN:7,(anonymous_155)
FN:7,pe
FN:7,(anonymous_157)
FN:7,(anonymous_158)
FN:7,(anonymous_159)
FN:7,(anonymous_160)
FN:7,Ku
FN:7,(anonymous_162)
FN:7,(anonymous_163)
FN:7,(anonymous_164)
FN:7,(anonymous_165)
FN:7,(anonymous_166)
FN:7,q
FN:7,(anonymous_168)
FN:7,(anonymous_169)
FN:7,(anonymous_170)
FN:7,(anonymous_171)
FN:7,(anonymous_172)
FN:7,Yu
FN:7,(anonymous_174)
FN:7,(anonymous_175)
FN:7,(anonymous_176)
FN:7,(anonymous_177)
FN:7,(anonymous_178)
FN:7,(anonymous_179)
FN:7,I
FN:7,(anonymous_181)
FN:7,(anonymous_182)
FN:7,Jo
FN:7,(anonymous_184)
FN:7,(anonymous_185)
FN:7,(anonymous_186)
FN:7,(anonymous_187)
FN:7,ye
FN:7,je
FN:7,Ve
FN:7,(anonymous_191)
FN:7,(anonymous_192)
FN:7,(anonymous_193)
FN:7,(anonymous_194)
FN:7,(anonymous_195)
FN:7,(anonymous_196)
FN:7,(anonymous_197)
FN:7,(anonymous_198)
FN:7,(anonymous_199)
FN:7,(anonymous_200)
FN:7,(anonymous_201)
FN:7,(anonymous_202)
FN:7,(anonymous_203)
FN:7,(anonymous_204)
FN:7,(anonymous_205)
FN:7,(anonymous_206)
FN:7,(anonymous_207)
FN:7,(anonymous_208)
FN:7,(anonymous_209)
FN:7,(anonymous_210)
FN:7,(anonymous_211)
FN:7,(anonymous_212)
FN:7,(anonymous_213)
FN:7,(anonymous_214)
FN:7,(anonymous_215)
FN:7,(anonymous_216)
FN:7,(anonymous_217)
FN:7,(anonymous_218)
FN:7,(anonymous_219)
FN:7,(anonymous_220)
FN:7,(anonymous_221)
FN:7,(anonymous_222)
FN:7,(anonymous_223)
FN:7,(anonymous_224)
FN:7,(anonymous_225)
FN:7,(anonymous_226)
FN:7,(anonymous_227)
FN:7,(anonymous_228)
FN:7,(anonymous_229)
FN:7,(anonymous_230)
FN:7,(anonymous_231)
FN:7,(anonymous_232)
FN:7,(anonymous_233)
FN:7,(anonymous_234)
FN:7,(anonymous_235)
FN:7,(anonymous_236)
FN:7,(anonymous_237)
FN:7,(anonymous_238)
FN:7,(anonymous_239)
FN:7,(anonymous_240)
FN:7,(anonymous_241)
FN:7,(anonymous_242)
FN:7,(anonymous_243)
FN:7,(anonymous_244)
FN:7,(anonymous_245)
FN:7,(anonymous_246)
FN:7,(anonymous_247)
FN:7,(anonymous_248)
FN:7,(anonymous_249)
FN:7,(anonymous_250)
FN:7,(anonymous_251)
FN:7,(anonymous_252)
FN:7,(anonymous_253)
FN:7,(anonymous_254)
FN:7,(anonymous_255)
FN:7,(anonymous_256)
FN:7,(anonymous_257)
FN:7,(anonymous_258)
FN:7,hr
FN:7,(anonymous_260)
FN:7,(anonymous_261)
FN:7,(anonymous_262)
FN:7,(anonymous_263)
FN:7,(anonymous_264)
FN:7,(anonymous_265)
FN:7,(anonymous_266)
FN:7,(anonymous_267)
FN:7,(anonymous_268)
FN:7,(anonymous_269)
FN:7,Jt
FN:7,Zo
FN:7,rc
FN:7,(anonymous_273)
FN:7,(anonymous_274)
FN:7,(anonymous_275)
FN:7,(anonymous_276)
FN:7,(anonymous_277)
FN:7,(anonymous_278)
FN:7,(anonymous_279)
FN:7,(anonymous_280)
FN:7,(anonymous_281)
FN:7,(anonymous_282)
FN:7,(anonymous_283)
FN:7,(anonymous_284)
FN:8,tc
FN:8,nc
FN:8,Ho
FN:8,Xo
FN:8,(anonymous_289)
FN:8,ic
FN:8,(anonymous_291)
FN:8,(anonymous_292)
FN:8,(anonymous_293)
FN:8,(anonymous_294)
FN:8,oc
FN:8,Ko
FN:8,sc
FN:8,(anonymous_298)
FN:8,ir
FN:8,ac
FN:8,gi
FN:8,es
FN:8,lc
FN:8,(anonymous_304)
FN:8,(anonymous_305)
FN:9,uc
FN:9,Yt
FN:9,(anonymous_308)
FN:9,cc
FN:9,rs
FN:9,(anonymous_311)
FN:9,(anonymous_312)
FN:9,(anonymous_313)
FN:9,(anonymous_314)
FN:9,(anonymous_315)
FN:9,(anonymous_316)
FN:9,(anonymous_317)
FN:9,(anonymous_318)
FN:9,(anonymous_319)
FN:9,(anonymous_320)
FN:9,(anonymous_321)
FN:9,(anonymous_322)
FN:9,(anonymous_323)
FN:9,(anonymous_324)
FN:9,(anonymous_325)
FN:9,(anonymous_326)
FN:9,(anonymous_327)
FN:9,(anonymous_328)
FN:9,(anonymous_329)
FN:9,(anonymous_330)
FN:9,(anonymous_331)
FN:9,(anonymous_332)
FN:9,(anonymous_333)
FN:9,(anonymous_334)
FN:9,(anonymous_335)
FN:9,(anonymous_336)
FN:9,(anonymous_337)
FN:9,(anonymous_338)
FN:9,(anonymous_339)
FN:9,(anonymous_340)
FN:9,(anonymous_341)
FN:9,(anonymous_342)
FN:9,(anonymous_343)
FN:9,(anonymous_344)
FN:9,(anonymous_345)
FN:9,(anonymous_346)
FN:9,(anonymous_347)
FN:9,(anonymous_348)
FN:9,(anonymous_349)
FN:9,(anonymous_350)
FN:9,(anonymous_351)
FN:9,(anonymous_352)
FN:9,(anonymous_353)
FN:9,or
FN:9,(anonymous_355)
FN:9,xi
FN:9,Er
FN:9,Qc
FN:9,Wc
FN:9,Pi
FN:9,rn
FN:9,(anonymous_362)
FN:9,(anonymous_363)
FN:9,sr
FN:9,(anonymous_365)
FN:9,(anonymous_366)
FN:9,(anonymous_367)
FN:9,(anonymous_368)
FN:9,(anonymous_369)
FN:9,(anonymous_370)
FN:9,(anonymous_371)
FN:9,(anonymous_372)
FN:9,_e
FN:9,(anonymous_374)
FN:9,Hc
FN:9,(anonymous_376)
FN:9,gs
FN:9,Ai
FN:9,Ci
FN:9,(anonymous_380)
FN:9,(anonymous_381)
FN:9,(anonymous_382)
FN:9,(anonymous_383)
FN:9,(anonymous_384)
FN:9,(anonymous_385)
FN:9,(anonymous_386)
FN:9,(anonymous_387)
FN:9,(anonymous_388)
FN:9,(anonymous_389)
FN:9,(anonymous_390)
FN:9,(anonymous_391)
FN:9,(anonymous_392)
FN:12,Ii
FN:12,an
FN:12,ki
FN:12,_i
FN:12,(anonymous_397)
FN:12,(anonymous_398)
FN:14,Zc
FN:14,(anonymous_400)
FN:14,(anonymous_401)
FN:14,Xc
FN:14,(anonymous_403)
FN:14,(anonymous_404)
FN:15,ep
FN:15,(anonymous_406)
FN:15,(anonymous_407)
FN:15,(anonymous_408)
FN:15,(anonymous_409)
FN:15,(anonymous_410)
FN:15,(anonymous_411)
FN:15,(anonymous_412)
FN:15,(anonymous_413)
FN:15,(anonymous_414)
FN:15,(anonymous_415)
FN:15,rp
FN:15,Ni
FN:15,tp
FN:15,np
FN:15,ip
FN:15,ln
FN:15,Ne
FN:15,Fi
FN:15,_s
FN:15,(anonymous_425)
FN:15,(anonymous_426)
FN:15,st
FN:16,wp
FN:18,(anonymous_429)
FN:22,(anonymous_430)
FN:24,Ns
FN:24,Ls
FN:24,xp
FN:24,Vi
FN:24,xr
FN:24,Bi
FN:24,x
FN:24,(anonymous_438)
FN:24,(anonymous_439)
FN:24,(anonymous_440)
FN:24,(anonymous_441)
FN:24,(anonymous_442)
FN:24,(anonymous_443)
FN:24,(anonymous_444)
FN:24,(anonymous_445)
FN:24,(anonymous_446)
FN:24,(anonymous_447)
FN:24,(anonymous_448)
FN:24,(anonymous_449)
FN:24,(anonymous_450)
FN:24,(anonymous_451)
FN:24,(anonymous_452)
FN:24,(anonymous_453)
FN:24,(anonymous_454)
FN:24,(anonymous_455)
FN:24,(anonymous_456)
FN:24,(anonymous_457)
FN:24,(anonymous_458)
FN:24,(anonymous_459)
FN:24,(anonymous_460)
FN:24,(anonymous_461)
FN:24,(anonymous_462)
FN:24,(anonymous_463)
FN:24,(anonymous_464)
FN:24,(anonymous_465)
FN:24,(anonymous_466)
FN:24,(anonymous_467)
FN:24,(anonymous_468)
FN:24,(anonymous_469)
FN:24,(anonymous_470)
FN:24,(anonymous_471)
FN:24,(anonymous_472)
FN:24,(anonymous_473)
FN:24,(anonymous_474)
FN:24,(anonymous_475)
FN:24,(anonymous_476)
FN:24,(anonymous_477)
FN:24,(anonymous_478)
FN:24,(anonymous_479)
FN:24,(anonymous_480)
FN:24,(anonymous_481)
FN:24,(anonymous_482)
FN:24,(anonymous_483)
FN:24,(anonymous_484)
FN:24,(anonymous_485)
FN:24,(anonymous_486)
FN:24,(anonymous_487)
FN:24,(anonymous_488)
FN:24,(anonymous_489)
FN:24,(anonymous_490)
FN:24,(anonymous_491)
FN:24,(anonymous_492)
FN:24,(anonymous_493)
FN:24,(anonymous_494)
FN:24,(anonymous_495)
FN:24,(anonymous_496)
FN:24,(anonymous_497)
FN:24,(anonymous_498)
FN:24,(anonymous_499)
FN:24,(anonymous_500)
FN:24,(anonymous_501)
FN:24,(anonymous_502)
FN:24,(anonymous_503)
FN:24,(anonymous_504)
FN:24,(anonymous_505)
FN:24,(anonymous_506)
FN:24,J
FN:24,ie
FN:24,lt
FN:24,dn
FN:24,Ap
FN:24,(anonymous_512)
FN:24,e
FN:24,r
FN:24,t
FN:24,(anonymous_516)
FN:24,y
FN:24,xe
FN:24,bn
FN:24,hn
FN:24,we
FN:24,Ws
FN:24,We
FN:24,Js
FN:24,$s
FN:24,Hs
FN:24,Wi
FN:24,Je
FN:24,Ks
FN:24,mn
FN:24,Cp
FN:24,Ip
FN:24,Pr
FN:24,En
FN:24,Ys
FN:24,Ji
FN:24,qs
FN:24,kp
FN:24,Dp
FN:24,Op
FN:24,_p
FN:24,Np
FN:24,Lp
FN:24,Fp
FN:24,Mp
FN:24,$p
FN:24,qp
FN:24,jp
FN:24,Vp
FN:24,Bp
FN:24,Up
FN:24,Gp
FN:24,zs
FN:24,i
FN:24,Qp
FN:24,Wp
FN:24,Jp
FN:24,Hp
FN:24,js
FN:24,Kp
FN:24,Yp
FN:24,zp
FN:24,Zp
FN:24,Xp
FN:24,ed
FN:24,rd
FN:24,td
FN:24,nd
FN:24,id
FN:24,od
FN:24,sd
FN:24,ad
FN:24,ld
FN:24,ud
FN:24,cd
FN:24,pd
FN:24,dd
FN:24,md
FN:24,fd
FN:24,Tr
FN:24,gd
FN:24,hd
FN:24,(anonymous_583)
FN:24,(anonymous_584)
FN:24,(anonymous_585)
FN:24,Ye
FN:24,Zs
FN:24,ut
FN:24,(anonymous_589)
FN:24,Xs
FN:24,Hi
FN:24,Sr
FN:24,wn
FN:24,Rr
FN:24,(anonymous_595)
FN:24,(anonymous_596)
FN:24,yd
FN:24,(anonymous_598)
FN:24,(anonymous_599)
FN:24,(anonymous_600)
FN:24,(anonymous_601)
FN:24,(anonymous_602)
FN:24,(anonymous_603)
FN:24,(anonymous_604)
FN:24,(anonymous_605)
FN:24,(anonymous_606)
FN:24,e
FN:24,(anonymous_608)
FN:24,(anonymous_609)
FN:24,(anonymous_610)
FN:24,(anonymous_611)
FN:24,e
FN:24,(anonymous_613)
FN:24,(anonymous_614)
FN:24,(anonymous_615)
FN:24,(anonymous_616)
FN:24,(anonymous_617)
FN:24,ge
FN:24,(anonymous_619)
FN:24,(anonymous_620)
FN:24,wd
FN:24,ra
FN:24,xd
FN:24,(anonymous_624)
FN:24,ta
FN:24,(anonymous_626)
FN:24,(anonymous_627)
FN:24,(anonymous_628)
FN:24,(anonymous_629)
FN:24,(anonymous_630)
FN:24,(anonymous_631)
FN:24,(anonymous_632)
FN:24,(anonymous_633)
FN:24,(anonymous_634)
FN:24,(anonymous_635)
FN:24,(anonymous_636)
FN:26,(anonymous_637)
FN:27,(anonymous_638)
FN:28,(anonymous_639)
FN:28,(anonymous_640)
FN:28,(anonymous_641)
FN:28,(anonymous_642)
FN:28,(anonymous_643)
FN:28,(anonymous_644)
FN:28,(anonymous_645)
FN:28,Td
FN:28,Sd
FN:28,(anonymous_648)
FN:28,(anonymous_649)
FN:28,(anonymous_650)
FN:28,Rd
FN:28,Ad
FN:28,Cd
FN:29,Id
FN:29,Pn
FN:29,la
FN:29,(anonymous_657)
FN:29,ua
FN:29,(anonymous_659)
FN:29,kd
FN:29,Dd
FN:29,Od
FN:29,(anonymous_663)
FN:29,sa
FN:29,aa
FN:29,(anonymous_666)
FN:29,(anonymous_667)
FN:29,(anonymous_668)
FN:29,(anonymous_669)
FN:29,(anonymous_670)
FN:29,(anonymous_671)
FN:29,(anonymous_672)
FN:29,(anonymous_673)
FN:29,(anonymous_674)
FN:29,(anonymous_675)
FN:29,(anonymous_676)
FN:29,(anonymous_677)
FN:29,(anonymous_678)
FN:29,(anonymous_679)
FN:29,(anonymous_680)
FN:30,(anonymous_681)
FN:30,(anonymous_682)
FN:30,(anonymous_683)
FN:30,(anonymous_684)
FN:30,(anonymous_685)
FN:30,(anonymous_686)
FN:30,(anonymous_687)
FN:30,(anonymous_688)
FN:30,(anonymous_689)
FN:30,(anonymous_690)
FN:30,(anonymous_691)
FN:30,(anonymous_692)
FN:30,(anonymous_693)
FN:30,(anonymous_694)
FN:30,(anonymous_695)
FN:30,(anonymous_696)
FN:30,(anonymous_697)
FN:30,(anonymous_698)
FN:30,(anonymous_699)
FN:30,(anonymous_700)
FN:30,(anonymous_701)
FN:30,(anonymous_702)
FN:30,(anonymous_703)
FN:30,(anonymous_704)
FN:30,(anonymous_705)
FN:30,(anonymous_706)
FN:30,(anonymous_707)
FN:30,(anonymous_708)
FN:30,(anonymous_709)
FN:30,(anonymous_710)
FN:30,(anonymous_711)
FN:30,(anonymous_712)
FN:30,(anonymous_713)
FN:30,(anonymous_714)
FN:30,(anonymous_715)
FN:30,(anonymous_716)
FN:30,(anonymous_717)
FN:30,(anonymous_718)
FN:30,(anonymous_719)
FN:30,(anonymous_720)
FN:30,(anonymous_721)
FN:30,(anonymous_722)
FN:30,(anonymous_723)
FN:30,(anonymous_724)
FN:30,(anonymous_725)
FN:30,(anonymous_726)
FN:30,(anonymous_727)
FN:30,(anonymous_728)
FN:30,(anonymous_729)
FN:30,(anonymous_730)
FN:30,(anonymous_731)
FN:30,(anonymous_732)
FN:30,(anonymous_733)
FN:30,(anonymous_734)
FN:30,(anonymous_735)
FN:30,Tn
FN:30,_d
FN:30,(anonymous_738)
FN:30,Nd
FN:30,(anonymous_740)
FN:31,Ld
FN:31,(anonymous_742)
FN:31,Fd
FN:31,(anonymous_744)
FN:31,Md
FN:31,(anonymous_746)
FN:31,$d
FN:31,(anonymous_748)
FN:31,qd
FN:31,(anonymous_750)
FN:31,jd
FN:31,(anonymous_752)
FN:31,Vd
FN:31,(anonymous_754)
FN:31,(anonymous_755)
FN:31,Bd
FN:31,(anonymous_757)
FN:31,(anonymous_758)
FN:31,fa
FN:31,Ud
FN:31,(anonymous_761)
FN:31,(anonymous_762)
FN:31,ga
FN:31,Gd
FN:31,(anonymous_765)
FN:31,(anonymous_766)
FN:31,Qd
FN:31,(anonymous_768)
FN:31,(anonymous_769)
FN:31,Wd
FN:31,(anonymous_771)
FN:31,Jd
FN:31,(anonymous_773)
FN:31,(anonymous_774)
FN:31,Hd
FN:31,(anonymous_776)
FN:31,(anonymous_777)
FN:31,ha
FN:31,Kd
FN:31,Yd
FN:31,zd
FN:31,ya
FN:31,ba
FN:31,Or
FN:31,dt
FN:31,Cn
FN:31,Xd
FN:31,(anonymous_788)
FN:31,(anonymous_789)
FN:31,_r
FN:31,(anonymous_791)
FN:31,(anonymous_792)
FN:31,(anonymous_793)
FN:31,(anonymous_794)
FN:31,Zi
FN:31,(anonymous_796)
FN:31,(anonymous_797)
FN:31,(anonymous_798)
FN:31,(anonymous_799)
FN:31,(anonymous_800)
FN:31,(anonymous_801)
FN:31,(anonymous_802)
FN:31,(anonymous_803)
FN:31,(anonymous_804)
FN:32,Nr
FN:32,wa
FN:32,xa
FN:32,em
FN:32,On
FN:32,_n
FN:32,Se
FN:32,(anonymous_812)
FN:32,Pa
FN:32,rm
FN:32,(anonymous_815)
FN:32,(anonymous_816)
FN:32,(anonymous_817)
FN:32,(anonymous_818)
FN:32,va
FN:32,(anonymous_820)
FN:32,(anonymous_821)
FN:32,tm
FN:32,(anonymous_823)
FN:32,Ta
FN:32,Sa
FN:32,(anonymous_826)
FN:32,(anonymous_827)
FN:32,(anonymous_828)
FN:32,(anonymous_829)
FN:32,(anonymous_830)
FN:32,(anonymous_831)
FN:32,(anonymous_832)
FN:32,(anonymous_833)
FN:32,(anonymous_834)
FN:32,(anonymous_835)
FN:32,(anonymous_836)
FN:32,(anonymous_837)
FN:32,(anonymous_838)
FN:32,(anonymous_839)
FN:32,(anonymous_840)
FN:32,(anonymous_841)
FN:32,(anonymous_842)
FN:32,(anonymous_843)
FN:32,(anonymous_844)
FN:32,(anonymous_845)
FN:32,(anonymous_846)
FN:32,(anonymous_847)
FN:32,Ra
FN:32,Aa
FN:32,(anonymous_850)
FN:32,(anonymous_851)
FN:32,Re
FN:32,Mn
FN:32,Et
FN:32,im
FN:32,om
FN:32,sm
FN:32,am
FN:32,lm
FN:32,ka
FN:32,Da
FN:32,um
FN:32,cm
FN:32,pm
FN:32,ro
FN:32,(anonymous_866)
FN:32,(anonymous_867)
FN:32,(anonymous_868)
FN:32,(anonymous_869)
FN:32,(anonymous_870)
FN:32,(anonymous_871)
FN:32,(anonymous_872)
FN:32,(anonymous_873)
FN:32,(anonymous_874)
FN:32,(anonymous_875)
FN:32,(anonymous_876)
FN:32,(anonymous_877)
FN:32,(anonymous_878)
FN:32,(anonymous_879)
FN:32,(anonymous_880)
FN:32,(anonymous_881)
FN:32,Oa
FN:32,(anonymous_883)
FN:32,(anonymous_884)
FN:32,(anonymous_885)
FN:32,_a
FN:32,(anonymous_887)
FN:32,(anonymous_888)
FN:32,dm
FN:32,to
FN:32,(anonymous_891)
FN:32,(anonymous_892)
FN:32,(anonymous_893)
FN:32,(anonymous_894)
FN:32,Na
FN:32,(anonymous_896)
FN:32,qn
FN:32,(anonymous_898)
FN:32,(anonymous_899)
FN:32,(anonymous_900)
FN:32,(anonymous_901)
FN:32,(anonymous_902)
FN:32,(anonymous_903)
FN:32,La
FN:32,io
FN:32,oo
FN:32,xt
FN:32,(anonymous_908)
FN:32,(anonymous_909)
FN:32,re
FN:32,(anonymous_911)
FN:32,(anonymous_912)
FN:32,lr
FN:32,(anonymous_914)
FN:32,(anonymous_915)
FN:32,(anonymous_916)
FN:32,(anonymous_917)
FN:32,Vn
FN:32,(anonymous_919)
FN:32,(anonymous_920)
FN:32,(anonymous_921)
FN:32,(anonymous_922)
FN:32,(anonymous_923)
FN:32,he
FN:32,(anonymous_925)
FN:32,(anonymous_926)
FN:32,(anonymous_927)
FN:32,(anonymous_928)
FN:32,(anonymous_929)
FN:32,(anonymous_930)
FN:32,(anonymous_931)
FN:32,(anonymous_932)
FN:32,mm
FN:32,$a
FN:32,(anonymous_935)
FN:32,Mr
FN:32,(anonymous_937)
FN:32,(anonymous_938)
FN:32,(anonymous_939)
FN:32,$r
FN:32,qa
FN:32,qr
FN:32,gm
FN:33,ja
FN:34,(anonymous_945)
FN:34,bm
FN:34,wm
FN:34,Pm
FN:34,Sm
FN:34,Am
FN:34,(anonymous_951)
FN:34,(anonymous_952)
FN:34,(anonymous_953)
FN:34,(anonymous_954)
FN:34,Ze
FN:34,jr
FN:34,(anonymous_957)
FN:34,Im
FN:34,Bn
FN:34,(anonymous_960)
FN:34,Ba
FN:34,km
FN:34,Dm
FN:34,(anonymous_964)
FN:34,(anonymous_965)
FN:34,Ua
FN:34,Om
FN:34,_m
FN:34,(anonymous_969)
FN:34,(anonymous_970)
FN:34,Ga
FN:34,Qa
FN:34,(anonymous_973)
FN:34,(anonymous_974)
FN:34,(anonymous_975)
FN:34,Wa
FN:34,(anonymous_977)
FN:34,(anonymous_978)
FN:34,(anonymous_979)
FN:34,(anonymous_980)
FN:34,(anonymous_981)
FN:34,(anonymous_982)
FN:34,(anonymous_983)
FN:34,Nm
FN:34,Lm
FN:34,uo
FN:34,(anonymous_987)
FN:34,(anonymous_988)
FN:34,(anonymous_989)
FN:34,Fm
FN:34,(anonymous_991)
FN:34,(anonymous_992)
FN:34,co
FN:34,(anonymous_994)
FN:34,(anonymous_995)
FN:34,(anonymous_996)
FN:34,qm
FN:34,(anonymous_998)
FN:34,(anonymous_999)
FN:34,(anonymous_1000)
FN:34,(anonymous_1001)
FN:34,(anonymous_1002)
FN:34,jm
FN:34,Vm
FN:34,(anonymous_1005)
FN:34,Ka
FN:34,(anonymous_1007)
FN:34,Pt
FN:34,(anonymous_1009)
FN:34,(anonymous_1010)
FN:34,Bm
FN:34,(anonymous_1012)
FN:34,(anonymous_1013)
FN:34,Um
FN:34,(anonymous_1015)
FN:34,(anonymous_1016)
FN:34,(anonymous_1017)
FN:34,Ya
FN:34,za
FN:34,Za
FN:34,(anonymous_1021)
FN:34,(anonymous_1022)
FN:34,Gm
FN:34,(anonymous_1024)
FN:34,Qm
FN:34,(anonymous_1026)
FN:34,Un
FN:34,Xa
FN:34,(anonymous_1029)
FN:34,el
FN:34,(anonymous_1031)
FN:34,tl
FN:34,Jm
FN:34,Hm
FN:34,Tt
FN:34,il
FN:34,(anonymous_1037)
FN:34,(anonymous_1038)
FN:34,ol
FN:34,sl
FN:34,(anonymous_1041)
FN:34,al
FN:34,(anonymous_1043)
FN:34,(anonymous_1044)
FN:34,(anonymous_1045)
FN:34,ll
FN:34,(anonymous_1047)
FN:34,pl
FN:36,dl
FN:36,(anonymous_1050)
FN:36,(anonymous_1051)
FN:36,(anonymous_1052)
FN:36,(anonymous_1053)
FN:36,(anonymous_1054)
FN:36,(anonymous_1055)
FN:36,rf
FN:36,(anonymous_1057)
FN:36,Gn
FN:36,Qn
FN:38,nf
FN:38,Xe
FN:38,er
FN:39,(anonymous_1063)
FN:40,ml
FN:45,Wn
FN:46,Jn
FN:48,fl
FN:55,gl
FN:55,(anonymous_1069)
FN:60,hl
FN:67,(anonymous_1071)
FN:67,bl
FN:67,(anonymous_1073)
FN:67,(anonymous_1074)
FN:67,af
FN:67,El
FN:67,wl
FN:67,(anonymous_1078)
FN:67,xl
FN:68,(anonymous_1080)
FN:69,Pl
FN:69,Tl
FN:113,Vr
FN:113,(anonymous_1084)
FN:113,(anonymous_1085)
FN:113,(anonymous_1086)
FN:113,A
FN:113,(anonymous_1088)
FN:113,Rl
FN:113,(anonymous_1090)
FN:113,(anonymous_1091)
FN:113,uf
FN:113,fo
FN:113,(anonymous_1094)
FN:113,(anonymous_1095)
FN:113,(anonymous_1096)
FN:113,(anonymous_1097)
FN:113,(anonymous_1098)
FN:113,(anonymous_1099)
FN:113,(anonymous_1100)
FN:113,(anonymous_1101)
FN:113,(anonymous_1102)
FN:113,(anonymous_1103)
FN:113,(anonymous_1104)
FN:113,(anonymous_1105)
FN:113,(anonymous_1106)
FN:113,(anonymous_1107)
FN:113,(anonymous_1108)
FN:113,df
FN:113,Ft
FN:113,Gr
FN:113,Cl
FN:113,(anonymous_1113)
FN:113,(anonymous_1114)
FN:113,Il
FN:113,kl
FN:113,(anonymous_1117)
FN:113,(anonymous_1118)
FN:114,dr
FN:114,(anonymous_1120)
FN:114,gf
FN:114,_l
FN:114,hf
FN:114,(anonymous_1124)
FN:114,(anonymous_1125)
FN:114,(anonymous_1126)
FN:114,(anonymous_1127)
FN:114,(anonymous_1128)
FN:114,(anonymous_1129)
FN:114,(anonymous_1130)
FN:114,(anonymous_1131)
FN:114,(anonymous_1132)
FN:114,(anonymous_1133)
FN:114,(anonymous_1134)
FN:114,(anonymous_1135)
FN:114,(anonymous_1136)
FN:114,(anonymous_1137)
FN:114,(anonymous_1138)
FN:114,(anonymous_1139)
FN:114,(anonymous_1140)
FN:114,(anonymous_1141)
FN:114,(anonymous_1142)
FN:114,(anonymous_1143)
FN:114,(anonymous_1144)
FN:114,(anonymous_1145)
FN:114,(anonymous_1146)
FN:114,(anonymous_1147)
FN:114,(anonymous_1148)
FN:114,(anonymous_1149)
FN:114,Ll
FN:114,yf
FN:114,bf
FN:114,(anonymous_1153)
FN:114,(anonymous_1154)
FN:114,(anonymous_1155)
FN:114,(anonymous_1156)
FN:114,(anonymous_1157)
FN:114,(anonymous_1158)
FN:114,(anonymous_1159)
FN:114,wf
FN:114,xf
FN:114,Pf
FN:114,(anonymous_1163)
FN:114,(anonymous_1164)
FN:114,(anonymous_1165)
FN:114,(anonymous_1166)
FN:114,(anonymous_1167)
FN:114,(anonymous_1168)
FN:114,(anonymous_1169)
FN:114,(anonymous_1170)
FN:114,(anonymous_1171)
FN:114,(anonymous_1172)
FN:115,(anonymous_1173)
FN:115,(anonymous_1174)
FN:115,(anonymous_1175)
FN:115,(anonymous_1176)
FN:115,(anonymous_1177)
FN:115,(anonymous_1178)
FN:115,(anonymous_1179)
FN:115,(anonymous_1180)
FN:115,(anonymous_1181)
FN:115,(anonymous_1182)
FN:115,(anonymous_1183)
FN:115,(anonymous_1184)
FN:115,(anonymous_1185)
FN:115,(anonymous_1186)
FN:115,(anonymous_1187)
FN:116,(anonymous_1188)
FN:116,(anonymous_1189)
FN:116,(anonymous_1190)
FN:116,(anonymous_1191)
FN:116,(anonymous_1192)
FN:116,Tf
FN:116,So
FN:116,jl
FN:116,(anonymous_1196)
FN:116,(anonymous_1197)
FN:117,h
FN:117,Vl
FN:117,Yn
FN:117,(anonymous_1201)
FN:117,(anonymous_1202)
FN:117,(anonymous_1203)
FN:117,Wr
FN:117,Gl
FN:117,(anonymous_1206)
FN:117,Wl
FN:117,(anonymous_1208)
FN:117,Sf
FN:117,Jl
FN:117,Ql
FN:117,Ro
FN:124,(anonymous_1213)
FN:124,(anonymous_1214)
FN:124,(anonymous_1215)
FN:124,(anonymous_1216)
FN:124,(anonymous_1217)
FN:124,(anonymous_1218)
FN:124,Co
FN:124,(anonymous_1220)
FN:124,(anonymous_1221)
FN:124,(anonymous_1222)
FN:124,(anonymous_1223)
FN:124,(anonymous_1224)
FN:124,(anonymous_1225)
FN:124,(anonymous_1226)
FN:124,zl
FN:124,(anonymous_1228)
FN:124,(anonymous_1229)
FN:124,(anonymous_1230)
FN:124,(anonymous_1231)
FN:124,(anonymous_1232)
FN:124,(anonymous_1233)
FN:124,(anonymous_1234)
FN:124,(anonymous_1235)
FN:124,(anonymous_1236)
FN:124,(anonymous_1237)
FN:124,(anonymous_1238)
FN:124,Zl
FN:124,Xl
FN:124,(anonymous_1241)
FN:124,(anonymous_1242)
FN:124,(anonymous_1243)
FN:124,eu
FN:124,(anonymous_1245)
FN:124,(anonymous_1246)
FN:124,(anonymous_1247)
FN:124,(anonymous_1248)
FN:124,(anonymous_1249)
FN:124,Zn
FN:124,ru
FN:124,ko
FN:124,(anonymous_1253)
FN:124,Do
FN:124,(anonymous_1255)
FN:124,(anonymous_1256)
FN:124,(anonymous_1257)
FN:124,(anonymous_1258)
FN:124,(anonymous_1259)
FN:124,(anonymous_1260)
FN:124,(anonymous_1261)
FN:124,(anonymous_1262)
FN:124,(anonymous_1263)
FN:124,(anonymous_1264)
FN:124,(anonymous_1265)
FN:124,(anonymous_1266)
FN:124,mr
FN:124,(anonymous_1268)
FN:124,(anonymous_1269)
FN:124,(anonymous_1270)
FN:124,(anonymous_1271)
FN:124,(anonymous_1272)
FN:124,(anonymous_1273)
FN:124,ei
FN:124,kf
FN:124,(anonymous_1276)
FN:124,(anonymous_1277)
FN:124,(anonymous_1278)
FN:124,(anonymous_1279)
FN:124,(anonymous_1280)
FN:124,(anonymous_1281)
FN:124,(anonymous_1282)
FN:124,(anonymous_1283)
FN:124,(anonymous_1284)
FN:124,(anonymous_1285)
FN:124,(anonymous_1286)
FN:124,(anonymous_1287)
FN:124,(anonymous_1288)
FN:124,(anonymous_1289)
FN:124,(anonymous_1290)
FN:124,(anonymous_1291)
FN:124,Of
FN:124,nu
FN:124,_f
FN:124,Nf
FN:124,iu
FN:124,(anonymous_1297)
FN:125,(anonymous_1298)
FN:125,(anonymous_1299)
FN:128,(anonymous_1300)
FN:128,(anonymous_1301)
FN:129,(anonymous_1302)
FN:129,(anonymous_1303)
FN:129,r
FN:129,(anonymous_1305)
FN:129,(anonymous_1306)
FN:129,(anonymous_1307)
FN:129,(anonymous_1308)
FN:129,(anonymous_1309)
FN:129,pu
FN:129,Jr
FN:129,Ff
FN:129,(anonymous_1313)
FN:129,(anonymous_1314)
FN:129,Mf
FN:129,uu
FN:129,(anonymous_1317)
FN:129,$f
FN:129,(anonymous_1319)
FN:129,(anonymous_1320)
FN:129,(anonymous_1321)
FN:129,(anonymous_1322)
FN:133,du
FN:133,(anonymous_1324)
FN:133,(anonymous_1325)
FN:133,(anonymous_1326)
FN:133,(anonymous_1327)
FN:133,(anonymous_1328)
FN:133,(anonymous_1329)
FN:133,(anonymous_1330)
FN:133,(anonymous_1331)
FN:133,bu
FN:133,(anonymous_1333)
FN:133,(anonymous_1334)
FN:133,(anonymous_1335)
FN:133,(anonymous_1336)
FN:133,(anonymous_1337)
FN:133,(anonymous_1338)
FN:133,(anonymous_1339)
FN:133,(anonymous_1340)
FN:133,(anonymous_1341)
FN:133,(anonymous_1342)
FN:133,(anonymous_1343)
FN:133,(anonymous_1344)
FN:133,(anonymous_1345)
FN:133,(anonymous_1346)
FN:133,(anonymous_1347)
FN:133,(anonymous_1348)
FN:133,(anonymous_1349)
FN:133,(anonymous_1350)
FN:133,(anonymous_1351)
FN:133,(anonymous_1352)
FN:133,(anonymous_1353)
FN:133,(anonymous_1354)
FN:133,(anonymous_1355)
FN:133,(anonymous_1356)
FN:133,(anonymous_1357)
FN:133,(anonymous_1358)
FN:133,(anonymous_1359)
FN:133,(anonymous_1360)
FN:133,(anonymous_1361)
FN:133,(anonymous_1362)
FN:133,(anonymous_1363)
FN:133,(anonymous_1364)
FN:133,(anonymous_1365)
FN:133,(anonymous_1366)
FN:133,(anonymous_1367)
FN:133,(anonymous_1368)
FN:133,(anonymous_1369)
FN:133,(anonymous_1370)
FN:133,(anonymous_1371)
FN:133,(anonymous_1372)
FN:133,(anonymous_1373)
FN:133,(anonymous_1374)
FN:133,(anonymous_1375)
FN:134,(anonymous_1376)
FN:134,(anonymous_1377)
FN:134,mu
FN:134,Bf
FN:134,Eu
FN:134,(anonymous_1381)
FN:134,wu
FNF:1383
FNH:262
FNDA:2,(anonymous_0)
FNDA:2,(anonymous_1)
FNDA:14,(anonymous_2)
FNDA:21,(anonymous_3)
FNDA:7,(anonymous_4)
FNDA:32,(anonymous_5)
FNDA:23,(anonymous_6)
FNDA:31,(anonymous_7)
FNDA:1,(anonymous_8)
FNDA:1,(anonymous_9)
FNDA:36,(anonymous_10)
FNDA:1,(anonymous_11)
FNDA:4,bi
FNDA:4,Ei
FNDA:0,(anonymous_14)
FNDA:2,Vc
FNDA:1,(anonymous_16)
FNDA:0,cs
FNDA:0,(anonymous_18)
FNDA:2,wi
FNDA:1,(anonymous_20)
FNDA:1,(anonymous_21)
FNDA:1,(anonymous_22)
FNDA:1,(anonymous_23)
FNDA:0,(anonymous_24)
FNDA:0,(anonymous_25)
FNDA:1,(anonymous_26)
FNDA:0,(anonymous_27)
FNDA:1,(anonymous_28)
FNDA:0,(anonymous_29)
FNDA:1,(anonymous_30)
FNDA:0,(anonymous_31)
FNDA:1,(anonymous_32)
FNDA:1,(anonymous_33)
FNDA:2,pp
FNDA:0,dp
FNDA:0,mp
FNDA:0,ot
FNDA:2,ks
FNDA:0,fp
FNDA:0,Ds
FNDA:2,Cs
FNDA:0,gp
FNDA:2,hp
FNDA:2,yp
FNDA:0,bp
FNDA:4,Ep
FNDA:1,(anonymous_47)
FNDA:0,(anonymous_48)
FNDA:1,(anonymous_49)
FNDA:1,(anonymous_50)
FNDA:0,e
FNDA:0,(anonymous_52)
FNDA:1,(anonymous_53)
FNDA:1,(anonymous_54)
FNDA:0,(anonymous_55)
FNDA:1,(anonymous_56)
FNDA:1,(anonymous_57)
FNDA:1,(anonymous_58)
FNDA:0,(anonymous_59)
FNDA:1,(anonymous_60)
FNDA:1,(anonymous_61)
FNDA:1,(anonymous_62)
FNDA:1,(anonymous_63)
FNDA:1,(anonymous_64)
FNDA:1,(anonymous_65)
FNDA:0,(anonymous_66)
FNDA:1,(anonymous_67)
FNDA:1,(anonymous_68)
FNDA:0,(anonymous_69)
FNDA:0,(anonymous_70)
FNDA:0,(anonymous_71)
FNDA:1,(anonymous_72)
FNDA:1,(anonymous_73)
FNDA:1,(anonymous_74)
FNDA:1,(anonymous_75)
FNDA:1,(anonymous_76)
FNDA:0,(anonymous_77)
FNDA:1,(anonymous_78)
FNDA:1,(anonymous_79)
FNDA:0,(anonymous_80)
FNDA:1,(anonymous_81)
FNDA:1,(anonymous_82)
FNDA:1,(anonymous_83)
FNDA:1,(anonymous_84)
FNDA:1,(anonymous_85)
FNDA:1,(anonymous_86)
FNDA:0,No
FNDA:0,(anonymous_88)
FNDA:0,Lo
FNDA:1,(anonymous_90)
FNDA:0,Fo
FNDA:0,(anonymous_92)
FNDA:0,(anonymous_93)
FNDA:0,(anonymous_94)
FNDA:0,(anonymous_95)
FNDA:0,(anonymous_96)
FNDA:0,(anonymous_97)
FNDA:0,(anonymous_98)
FNDA:0,(anonymous_99)
FNDA:0,(anonymous_100)
FNDA:0,(anonymous_101)
FNDA:0,(anonymous_102)
FNDA:0,(anonymous_103)
FNDA:0,(anonymous_104)
FNDA:0,(anonymous_105)
FNDA:0,(anonymous_106)
FNDA:0,(anonymous_107)
FNDA:0,(anonymous_108)
FNDA:0,(anonymous_109)
FNDA:0,(anonymous_110)
FNDA:0,(anonymous_111)
FNDA:0,(anonymous_112)
FNDA:0,(anonymous_113)
FNDA:0,(anonymous_114)
FNDA:0,(anonymous_115)
FNDA:0,(anonymous_116)
FNDA:0,(anonymous_117)
FNDA:0,(anonymous_118)
FNDA:0,(anonymous_119)
FNDA:26,F
FNDA:7,(anonymous_121)
FNDA:0,(anonymous_122)
FNDA:0,(anonymous_123)
FNDA:31,(anonymous_124)
FNDA:31,(anonymous_125)
FNDA:31,(anonymous_126)
FNDA:31,(anonymous_127)
FNDA:0,(anonymous_128)
FNDA:14,Wu
FNDA:0,(anonymous_130)
FNDA:16,(anonymous_131)
FNDA:0,(anonymous_132)
FNDA:0,(anonymous_133)
FNDA:0,(anonymous_134)
FNDA:1,(anonymous_135)
FNDA:0,(anonymous_136)
FNDA:0,Ju
FNDA:0,(anonymous_138)
FNDA:0,Go
FNDA:0,(anonymous_140)
FNDA:0,(anonymous_141)
FNDA:0,Qo
FNDA:1,li
FNDA:1,Gt
FNDA:0,(anonymous_145)
FNDA:0,(anonymous_146)
FNDA:0,(anonymous_147)
FNDA:0,(anonymous_148)
FNDA:0,(anonymous_149)
FNDA:0,(anonymous_150)
FNDA:0,(anonymous_151)
FNDA:0,(anonymous_152)
FNDA:0,(anonymous_153)
FNDA:0,(anonymous_154)
FNDA:0,(anonymous_155)
FNDA:8,pe
FNDA:0,(anonymous_157)
FNDA:0,(anonymous_158)
FNDA:0,(anonymous_159)
FNDA:0,(anonymous_160)
FNDA:0,Ku
FNDA:0,(anonymous_162)
FNDA:0,(anonymous_163)
FNDA:0,(anonymous_164)
FNDA:0,(anonymous_165)
FNDA:0,(anonymous_166)
FNDA:0,q
FNDA:0,(anonymous_168)
FNDA:0,(anonymous_169)
FNDA:0,(anonymous_170)
FNDA:0,(anonymous_171)
FNDA:0,(anonymous_172)
FNDA:0,Yu
FNDA:0,(anonymous_174)
FNDA:0,(anonymous_175)
FNDA:0,(anonymous_176)
FNDA:0,(anonymous_177)
FNDA:0,(anonymous_178)
FNDA:0,(anonymous_179)
FNDA:8,I
FNDA:0,(anonymous_181)
FNDA:0,(anonymous_182)
FNDA:0,Jo
FNDA:0,(anonymous_184)
FNDA:0,(anonymous_185)
FNDA:0,(anonymous_186)
FNDA:0,(anonymous_187)
FNDA:0,ye
FNDA:0,je
FNDA:0,Ve
FNDA:0,(anonymous_191)
FNDA:1,(anonymous_192)
FNDA:0,(anonymous_193)
FNDA:0,(anonymous_194)
FNDA:0,(anonymous_195)
FNDA:0,(anonymous_196)
FNDA:0,(anonymous_197)
FNDA:0,(anonymous_198)
FNDA:0,(anonymous_199)
FNDA:0,(anonymous_200)
FNDA:0,(anonymous_201)
FNDA:0,(anonymous_202)
FNDA:0,(anonymous_203)
FNDA:0,(anonymous_204)
FNDA:0,(anonymous_205)
FNDA:0,(anonymous_206)
FNDA:0,(anonymous_207)
FNDA:0,(anonymous_208)
FNDA:0,(anonymous_209)
FNDA:1,(anonymous_210)
FNDA:0,(anonymous_211)
FNDA:0,(anonymous_212)
FNDA:0,(anonymous_213)
FNDA:0,(anonymous_214)
FNDA:0,(anonymous_215)
FNDA:0,(anonymous_216)
FNDA:0,(anonymous_217)
FNDA:0,(anonymous_218)
FNDA:0,(anonymous_219)
FNDA:0,(anonymous_220)
FNDA:0,(anonymous_221)
FNDA:0,(anonymous_222)
FNDA:0,(anonymous_223)
FNDA:0,(anonymous_224)
FNDA:0,(anonymous_225)
FNDA:0,(anonymous_226)
FNDA:0,(anonymous_227)
FNDA:0,(anonymous_228)
FNDA:0,(anonymous_229)
FNDA:0,(anonymous_230)
FNDA:0,(anonymous_231)
FNDA:0,(anonymous_232)
FNDA:0,(anonymous_233)
FNDA:1,(anonymous_234)
FNDA:0,(anonymous_235)
FNDA:0,(anonymous_236)
FNDA:0,(anonymous_237)
FNDA:0,(anonymous_238)
FNDA:0,(anonymous_239)
FNDA:0,(anonymous_240)
FNDA:0,(anonymous_241)
FNDA:0,(anonymous_242)
FNDA:0,(anonymous_243)
FNDA:0,(anonymous_244)
FNDA:0,(anonymous_245)
FNDA:0,(anonymous_246)
FNDA:0,(anonymous_247)
FNDA:0,(anonymous_248)
FNDA:0,(anonymous_249)
FNDA:0,(anonymous_250)
FNDA:0,(anonymous_251)
FNDA:0,(anonymous_252)
FNDA:0,(anonymous_253)
FNDA:0,(anonymous_254)
FNDA:0,(anonymous_255)
FNDA:0,(anonymous_256)
FNDA:0,(anonymous_257)
FNDA:0,(anonymous_258)
FNDA:0,hr
FNDA:0,(anonymous_260)
FNDA:0,(anonymous_261)
FNDA:0,(anonymous_262)
FNDA:0,(anonymous_263)
FNDA:0,(anonymous_264)
FNDA:0,(anonymous_265)
FNDA:0,(anonymous_266)
FNDA:0,(anonymous_267)
FNDA:0,(anonymous_268)
FNDA:0,(anonymous_269)
FNDA:0,Jt
FNDA:1,Zo
FNDA:0,rc
FNDA:0,(anonymous_273)
FNDA:0,(anonymous_274)
FNDA:0,(anonymous_275)
FNDA:0,(anonymous_276)
FNDA:0,(anonymous_277)
FNDA:0,(anonymous_278)
FNDA:0,(anonymous_279)
FNDA:0,(anonymous_280)
FNDA:0,(anonymous_281)
FNDA:0,(anonymous_282)
FNDA:0,(anonymous_283)
FNDA:0,(anonymous_284)
FNDA:0,tc
FNDA:0,nc
FNDA:0,Ho
FNDA:0,Xo
FNDA:0,(anonymous_289)
FNDA:0,ic
FNDA:0,(anonymous_291)
FNDA:0,(anonymous_292)
FNDA:0,(anonymous_293)
FNDA:0,(anonymous_294)
FNDA:0,oc
FNDA:0,Ko
FNDA:0,sc
FNDA:0,(anonymous_298)
FNDA:2,ir
FNDA:3,ac
FNDA:1,gi
FNDA:3,es
FNDA:1,lc
FNDA:0,(anonymous_304)
FNDA:0,(anonymous_305)
FNDA:0,uc
FNDA:0,Yt
FNDA:0,(anonymous_308)
FNDA:0,cc
FNDA:0,rs
FNDA:0,(anonymous_311)
FNDA:0,(anonymous_312)
FNDA:0,(anonymous_313)
FNDA:0,(anonymous_314)
FNDA:0,(anonymous_315)
FNDA:0,(anonymous_316)
FNDA:0,(anonymous_317)
FNDA:0,(anonymous_318)
FNDA:0,(anonymous_319)
FNDA:0,(anonymous_320)
FNDA:0,(anonymous_321)
FNDA:0,(anonymous_322)
FNDA:0,(anonymous_323)
FNDA:0,(anonymous_324)
FNDA:0,(anonymous_325)
FNDA:0,(anonymous_326)
FNDA:0,(anonymous_327)
FNDA:0,(anonymous_328)
FNDA:0,(anonymous_329)
FNDA:0,(anonymous_330)
FNDA:0,(anonymous_331)
FNDA:0,(anonymous_332)
FNDA:0,(anonymous_333)
FNDA:0,(anonymous_334)
FNDA:0,(anonymous_335)
FNDA:0,(anonymous_336)
FNDA:0,(anonymous_337)
FNDA:0,(anonymous_338)
FNDA:0,(anonymous_339)
FNDA:0,(anonymous_340)
FNDA:0,(anonymous_341)
FNDA:0,(anonymous_342)
FNDA:0,(anonymous_343)
FNDA:0,(anonymous_344)
FNDA:0,(anonymous_345)
FNDA:0,(anonymous_346)
FNDA:0,(anonymous_347)
FNDA:0,(anonymous_348)
FNDA:0,(anonymous_349)
FNDA:0,(anonymous_350)
FNDA:0,(anonymous_351)
FNDA:0,(anonymous_352)
FNDA:0,(anonymous_353)
FNDA:0,or
FNDA:0,(anonymous_355)
FNDA:0,xi
FNDA:1,Er
FNDA:1,Qc
FNDA:0,Wc
FNDA:0,Pi
FNDA:0,rn
FNDA:0,(anonymous_362)
FNDA:0,(anonymous_363)
FNDA:0,sr
FNDA:0,(anonymous_365)
FNDA:0,(anonymous_366)
FNDA:0,(anonymous_367)
FNDA:0,(anonymous_368)
FNDA:0,(anonymous_369)
FNDA:0,(anonymous_370)
FNDA:0,(anonymous_371)
FNDA:0,(anonymous_372)
FNDA:0,_e
FNDA:0,(anonymous_374)
FNDA:0,Hc
FNDA:0,(anonymous_376)
FNDA:0,gs
FNDA:0,Ai
FNDA:0,Ci
FNDA:0,(anonymous_380)
FNDA:0,(anonymous_381)
FNDA:0,(anonymous_382)
FNDA:0,(anonymous_383)
FNDA:0,(anonymous_384)
FNDA:0,(anonymous_385)
FNDA:0,(anonymous_386)
FNDA:0,(anonymous_387)
FNDA:0,(anonymous_388)
FNDA:0,(anonymous_389)
FNDA:0,(anonymous_390)
FNDA:0,(anonymous_391)
FNDA:0,(anonymous_392)
FNDA:0,Ii
FNDA:1,an
FNDA:0,ki
FNDA:0,_i
FNDA:0,(anonymous_397)
FNDA:0,(anonymous_398)
FNDA:0,Zc
FNDA:0,(anonymous_400)
FNDA:0,(anonymous_401)
FNDA:0,Xc
FNDA:0,(anonymous_403)
FNDA:0,(anonymous_404)
FNDA:0,ep
FNDA:0,(anonymous_406)
FNDA:0,(anonymous_407)
FNDA:0,(anonymous_408)
FNDA:0,(anonymous_409)
FNDA:0,(anonymous_410)
FNDA:0,(anonymous_411)
FNDA:0,(anonymous_412)
FNDA:0,(anonymous_413)
FNDA:0,(anonymous_414)
FNDA:0,(anonymous_415)
FNDA:0,rp
FNDA:0,Ni
FNDA:0,tp
FNDA:0,np
FNDA:0,ip
FNDA:0,ln
FNDA:0,Ne
FNDA:0,Fi
FNDA:2,_s
FNDA:16,(anonymous_425)
FNDA:0,(anonymous_426)
FNDA:2,st
FNDA:1,wp
FNDA:0,(anonymous_429)
FNDA:0,(anonymous_430)
FNDA:4,Ns
FNDA:3,Ls
FNDA:4,xp
FNDA:0,Vi
FNDA:0,xr
FNDA:0,Bi
FNDA:22,x
FNDA:0,(anonymous_438)
FNDA:0,(anonymous_439)
FNDA:0,(anonymous_440)
FNDA:0,(anonymous_441)
FNDA:0,(anonymous_442)
FNDA:0,(anonymous_443)
FNDA:0,(anonymous_444)
FNDA:0,(anonymous_445)
FNDA:0,(anonymous_446)
FNDA:0,(anonymous_447)
FNDA:0,(anonymous_448)
FNDA:0,(anonymous_449)
FNDA:0,(anonymous_450)
FNDA:0,(anonymous_451)
FNDA:0,(anonymous_452)
FNDA:0,(anonymous_453)
FNDA:0,(anonymous_454)
FNDA:0,(anonymous_455)
FNDA:0,(anonymous_456)
FNDA:0,(anonymous_457)
FNDA:0,(anonymous_458)
FNDA:0,(anonymous_459)
FNDA:0,(anonymous_460)
FNDA:0,(anonymous_461)
FNDA:0,(anonymous_462)
FNDA:0,(anonymous_463)
FNDA:0,(anonymous_464)
FNDA:0,(anonymous_465)
FNDA:0,(anonymous_466)
FNDA:0,(anonymous_467)
FNDA:0,(anonymous_468)
FNDA:0,(anonymous_469)
FNDA:0,(anonymous_470)
FNDA:0,(anonymous_471)
FNDA:0,(anonymous_472)
FNDA:0,(anonymous_473)
FNDA:0,(anonymous_474)
FNDA:0,(anonymous_475)
FNDA:0,(anonymous_476)
FNDA:0,(anonymous_477)
FNDA:0,(anonymous_478)
FNDA:0,(anonymous_479)
FNDA:0,(anonymous_480)
FNDA:0,(anonymous_481)
FNDA:0,(anonymous_482)
FNDA:0,(anonymous_483)
FNDA:0,(anonymous_484)
FNDA:0,(anonymous_485)
FNDA:0,(anonymous_486)
FNDA:0,(anonymous_487)
FNDA:0,(anonymous_488)
FNDA:0,(anonymous_489)
FNDA:0,(anonymous_490)
FNDA:0,(anonymous_491)
FNDA:0,(anonymous_492)
FNDA:0,(anonymous_493)
FNDA:0,(anonymous_494)
FNDA:0,(anonymous_495)
FNDA:0,(anonymous_496)
FNDA:0,(anonymous_497)
FNDA:0,(anonymous_498)
FNDA:0,(anonymous_499)
FNDA:0,(anonymous_500)
FNDA:0,(anonymous_501)
FNDA:0,(anonymous_502)
FNDA:0,(anonymous_503)
FNDA:0,(anonymous_504)
FNDA:0,(anonymous_505)
FNDA:0,(anonymous_506)
FNDA:0,J
FNDA:0,ie
FNDA:0,lt
FNDA:0,dn
FNDA:0,Ap
FNDA:1,(anonymous_512)
FNDA:0,e
FNDA:0,r
FNDA:0,t
FNDA:0,(anonymous_516)
FNDA:0,y
FNDA:0,xe
FNDA:0,bn
FNDA:0,hn
FNDA:0,we
FNDA:0,Ws
FNDA:0,We
FNDA:0,Js
FNDA:0,$s
FNDA:0,Hs
FNDA:0,Wi
FNDA:0,Je
FNDA:0,Ks
FNDA:2,mn
FNDA:0,Cp
FNDA:0,Ip
FNDA:0,Pr
FNDA:0,En
FNDA:0,Ys
FNDA:0,Ji
FNDA:0,qs
FNDA:0,kp
FNDA:0,Dp
FNDA:0,Op
FNDA:0,_p
FNDA:0,Np
FNDA:0,Lp
FNDA:0,Fp
FNDA:0,Mp
FNDA:0,$p
FNDA:0,qp
FNDA:0,jp
FNDA:0,Vp
FNDA:1,Bp
FNDA:0,Up
FNDA:0,Gp
FNDA:1,zs
FNDA:2,i
FNDA:0,Qp
FNDA:0,Wp
FNDA:0,Jp
FNDA:0,Hp
FNDA:2,js
FNDA:0,Kp
FNDA:0,Yp
FNDA:0,zp
FNDA:0,Zp
FNDA:0,Xp
FNDA:0,ed
FNDA:0,rd
FNDA:0,td
FNDA:0,nd
FNDA:0,id
FNDA:0,od
FNDA:0,sd
FNDA:0,ad
FNDA:0,ld
FNDA:0,ud
FNDA:0,cd
FNDA:0,pd
FNDA:0,dd
FNDA:0,md
FNDA:0,fd
FNDA:1,Tr
FNDA:0,gd
FNDA:0,hd
FNDA:0,(anonymous_583)
FNDA:1,(anonymous_584)
FNDA:8,(anonymous_585)
FNDA:0,Ye
FNDA:0,Zs
FNDA:1,ut
FNDA:0,(anonymous_589)
FNDA:0,Xs
FNDA:0,Hi
FNDA:1,Sr
FNDA:0,wn
FNDA:0,Rr
FNDA:0,(anonymous_595)
FNDA:0,(anonymous_596)
FNDA:0,yd
FNDA:0,(anonymous_598)
FNDA:1,(anonymous_599)
FNDA:0,(anonymous_600)
FNDA:0,(anonymous_601)
FNDA:0,(anonymous_602)
FNDA:0,(anonymous_603)
FNDA:0,(anonymous_604)
FNDA:159,(anonymous_605)
FNDA:83,(anonymous_606)
FNDA:80,e
FNDA:12,(anonymous_608)
FNDA:2,(anonymous_609)
FNDA:1,(anonymous_610)
FNDA:79,(anonymous_611)
FNDA:25,e
FNDA:0,(anonymous_613)
FNDA:0,(anonymous_614)
FNDA:0,(anonymous_615)
FNDA:0,(anonymous_616)
FNDA:0,(anonymous_617)
FNDA:0,ge
FNDA:0,(anonymous_619)
FNDA:0,(anonymous_620)
FNDA:0,wd
FNDA:0,ra
FNDA:0,xd
FNDA:0,(anonymous_624)
FNDA:0,ta
FNDA:0,(anonymous_626)
FNDA:0,(anonymous_627)
FNDA:0,(anonymous_628)
FNDA:0,(anonymous_629)
FNDA:0,(anonymous_630)
FNDA:0,(anonymous_631)
FNDA:0,(anonymous_632)
FNDA:0,(anonymous_633)
FNDA:0,(anonymous_634)
FNDA:0,(anonymous_635)
FNDA:0,(anonymous_636)
FNDA:0,(anonymous_637)
FNDA:0,(anonymous_638)
FNDA:0,(anonymous_639)
FNDA:0,(anonymous_640)
FNDA:0,(anonymous_641)
FNDA:0,(anonymous_642)
FNDA:0,(anonymous_643)
FNDA:0,(anonymous_644)
FNDA:0,(anonymous_645)
FNDA:0,Td
FNDA:0,Sd
FNDA:0,(anonymous_648)
FNDA:0,(anonymous_649)
FNDA:0,(anonymous_650)
FNDA:0,Rd
FNDA:0,Ad
FNDA:0,Cd
FNDA:0,Id
FNDA:0,Pn
FNDA:0,la
FNDA:0,(anonymous_657)
FNDA:0,ua
FNDA:0,(anonymous_659)
FNDA:0,kd
FNDA:0,Dd
FNDA:0,Od
FNDA:0,(anonymous_663)
FNDA:0,sa
FNDA:0,aa
FNDA:0,(anonymous_666)
FNDA:0,(anonymous_667)
FNDA:0,(anonymous_668)
FNDA:0,(anonymous_669)
FNDA:0,(anonymous_670)
FNDA:0,(anonymous_671)
FNDA:0,(anonymous_672)
FNDA:0,(anonymous_673)
FNDA:0,(anonymous_674)
FNDA:0,(anonymous_675)
FNDA:0,(anonymous_676)
FNDA:0,(anonymous_677)
FNDA:0,(anonymous_678)
FNDA:0,(anonymous_679)
FNDA:0,(anonymous_680)
FNDA:0,(anonymous_681)
FNDA:0,(anonymous_682)
FNDA:0,(anonymous_683)
FNDA:0,(anonymous_684)
FNDA:0,(anonymous_685)
FNDA:0,(anonymous_686)
FNDA:0,(anonymous_687)
FNDA:0,(anonymous_688)
FNDA:0,(anonymous_689)
FNDA:0,(anonymous_690)
FNDA:0,(anonymous_691)
FNDA:0,(anonymous_692)
FNDA:0,(anonymous_693)
FNDA:0,(anonymous_694)
FNDA:0,(anonymous_695)
FNDA:0,(anonymous_696)
FNDA:0,(anonymous_697)
FNDA:0,(anonymous_698)
FNDA:0,(anonymous_699)
FNDA:0,(anonymous_700)
FNDA:0,(anonymous_701)
FNDA:0,(anonymous_702)
FNDA:0,(anonymous_703)
FNDA:0,(anonymous_704)
FNDA:0,(anonymous_705)
FNDA:0,(anonymous_706)
FNDA:0,(anonymous_707)
FNDA:0,(anonymous_708)
FNDA:0,(anonymous_709)
FNDA:0,(anonymous_710)
FNDA:0,(anonymous_711)
FNDA:0,(anonymous_712)
FNDA:0,(anonymous_713)
FNDA:0,(anonymous_714)
FNDA:0,(anonymous_715)
FNDA:0,(anonymous_716)
FNDA:0,(anonymous_717)
FNDA:0,(anonymous_718)
FNDA:0,(anonymous_719)
FNDA:0,(anonymous_720)
FNDA:0,(anonymous_721)
FNDA:0,(anonymous_722)
FNDA:0,(anonymous_723)
FNDA:0,(anonymous_724)
FNDA:0,(anonymous_725)
FNDA:0,(anonymous_726)
FNDA:0,(anonymous_727)
FNDA:0,(anonymous_728)
FNDA:0,(anonymous_729)
FNDA:0,(anonymous_730)
FNDA:0,(anonymous_731)
FNDA:0,(anonymous_732)
FNDA:0,(anonymous_733)
FNDA:0,(anonymous_734)
FNDA:0,(anonymous_735)
FNDA:0,Tn
FNDA:0,_d
FNDA:0,(anonymous_738)
FNDA:0,Nd
FNDA:0,(anonymous_740)
FNDA:0,Ld
FNDA:0,(anonymous_742)
FNDA:0,Fd
FNDA:0,(anonymous_744)
FNDA:0,Md
FNDA:0,(anonymous_746)
FNDA:0,$d
FNDA:0,(anonymous_748)
FNDA:0,qd
FNDA:0,(anonymous_750)
FNDA:0,jd
FNDA:0,(anonymous_752)
FNDA:0,Vd
FNDA:0,(anonymous_754)
FNDA:0,(anonymous_755)
FNDA:0,Bd
FNDA:0,(anonymous_757)
FNDA:0,(anonymous_758)
FNDA:0,fa
FNDA:0,Ud
FNDA:0,(anonymous_761)
FNDA:0,(anonymous_762)
FNDA:0,ga
FNDA:0,Gd
FNDA:0,(anonymous_765)
FNDA:0,(anonymous_766)
FNDA:0,Qd
FNDA:0,(anonymous_768)
FNDA:0,(anonymous_769)
FNDA:0,Wd
FNDA:0,(anonymous_771)
FNDA:0,Jd
FNDA:0,(anonymous_773)
FNDA:0,(anonymous_774)
FNDA:0,Hd
FNDA:0,(anonymous_776)
FNDA:0,(anonymous_777)
FNDA:0,ha
FNDA:0,Kd
FNDA:0,Yd
FNDA:0,zd
FNDA:0,ya
FNDA:0,ba
FNDA:0,Or
FNDA:0,dt
FNDA:0,Cn
FNDA:0,Xd
FNDA:0,(anonymous_788)
FNDA:0,(anonymous_789)
FNDA:1,_r
FNDA:3,(anonymous_791)
FNDA:3,(anonymous_792)
FNDA:0,(anonymous_793)
FNDA:0,(anonymous_794)
FNDA:3,Zi
FNDA:0,(anonymous_796)
FNDA:0,(anonymous_797)
FNDA:0,(anonymous_798)
FNDA:0,(anonymous_799)
FNDA:0,(anonymous_800)
FNDA:0,(anonymous_801)
FNDA:0,(anonymous_802)
FNDA:0,(anonymous_803)
FNDA:0,(anonymous_804)
FNDA:0,Nr
FNDA:0,wa
FNDA:0,xa
FNDA:0,em
FNDA:0,On
FNDA:0,_n
FNDA:6,Se
FNDA:6,(anonymous_812)
FNDA:0,Pa
FNDA:0,rm
FNDA:0,(anonymous_815)
FNDA:0,(anonymous_816)
FNDA:0,(anonymous_817)
FNDA:0,(anonymous_818)
FNDA:0,va
FNDA:0,(anonymous_820)
FNDA:0,(anonymous_821)
FNDA:0,tm
FNDA:0,(anonymous_823)
FNDA:0,Ta
FNDA:1,Sa
FNDA:0,(anonymous_826)
FNDA:0,(anonymous_827)
FNDA:0,(anonymous_828)
FNDA:0,(anonymous_829)
FNDA:0,(anonymous_830)
FNDA:0,(anonymous_831)
FNDA:0,(anonymous_832)
FNDA:0,(anonymous_833)
FNDA:0,(anonymous_834)
FNDA:0,(anonymous_835)
FNDA:0,(anonymous_836)
FNDA:1,(anonymous_837)
FNDA:1,(anonymous_838)
FNDA:0,(anonymous_839)
FNDA:1,(anonymous_840)
FNDA:0,(anonymous_841)
FNDA:0,(anonymous_842)
FNDA:1,(anonymous_843)
FNDA:1,(anonymous_844)
FNDA:0,(anonymous_845)
FNDA:0,(anonymous_846)
FNDA:0,(anonymous_847)
FNDA:1,Ra
FNDA:0,Aa
FNDA:1,(anonymous_850)
FNDA:0,(anonymous_851)
FNDA:2,Re
FNDA:1,Mn
FNDA:1,Et
FNDA:1,im
FNDA:1,om
FNDA:0,sm
FNDA:1,am
FNDA:0,lm
FNDA:2,ka
FNDA:1,Da
FNDA:0,um
FNDA:1,cm
FNDA:0,pm
FNDA:0,ro
FNDA:3,(anonymous_866)
FNDA:0,(anonymous_867)
FNDA:0,(anonymous_868)
FNDA:0,(anonymous_869)
FNDA:0,(anonymous_870)
FNDA:0,(anonymous_871)
FNDA:0,(anonymous_872)
FNDA:0,(anonymous_873)
FNDA:0,(anonymous_874)
FNDA:1,(anonymous_875)
FNDA:0,(anonymous_876)
FNDA:0,(anonymous_877)
FNDA:0,(anonymous_878)
FNDA:1,(anonymous_879)
FNDA:0,(anonymous_880)
FNDA:2,(anonymous_881)
FNDA:0,Oa
FNDA:1,(anonymous_883)
FNDA:0,(anonymous_884)
FNDA:0,(anonymous_885)
FNDA:1,_a
FNDA:0,(anonymous_887)
FNDA:0,(anonymous_888)
FNDA:0,dm
FNDA:0,to
FNDA:0,(anonymous_891)
FNDA:0,(anonymous_892)
FNDA:0,(anonymous_893)
FNDA:0,(anonymous_894)
FNDA:0,Na
FNDA:0,(anonymous_896)
FNDA:1,qn
FNDA:3,(anonymous_898)
FNDA:0,(anonymous_899)
FNDA:1,(anonymous_900)
FNDA:0,(anonymous_901)
FNDA:1,(anonymous_902)
FNDA:0,(anonymous_903)
FNDA:0,La
FNDA:1,io
FNDA:0,oo
FNDA:1,xt
FNDA:1,(anonymous_908)
FNDA:0,(anonymous_909)
FNDA:6,re
FNDA:6,(anonymous_911)
FNDA:0,(anonymous_912)
FNDA:2,lr
FNDA:2,(anonymous_914)
FNDA:8,(anonymous_915)
FNDA:1,(anonymous_916)
FNDA:0,(anonymous_917)
FNDA:0,Vn
FNDA:0,(anonymous_919)
FNDA:0,(anonymous_920)
FNDA:0,(anonymous_921)
FNDA:0,(anonymous_922)
FNDA:0,(anonymous_923)
FNDA:2,he
FNDA:43,(anonymous_925)
FNDA:0,(anonymous_926)
FNDA:0,(anonymous_927)
FNDA:10,(anonymous_928)
FNDA:8,(anonymous_929)
FNDA:0,(anonymous_930)
FNDA:6,(anonymous_931)
FNDA:0,(anonymous_932)
FNDA:2,mm
FNDA:0,$a
FNDA:0,(anonymous_935)
FNDA:0,Mr
FNDA:0,(anonymous_937)
FNDA:0,(anonymous_938)
FNDA:0,(anonymous_939)
FNDA:0,$r
FNDA:0,qa
FNDA:0,qr
FNDA:0,gm
FNDA:0,ja
FNDA:0,(anonymous_945)
FNDA:0,bm
FNDA:0,wm
FNDA:0,Pm
FNDA:0,Sm
FNDA:0,Am
FNDA:0,(anonymous_951)
FNDA:1,(anonymous_952)
FNDA:0,(anonymous_953)
FNDA:0,(anonymous_954)
FNDA:1,Ze
FNDA:0,jr
FNDA:0,(anonymous_957)
FNDA:0,Im
FNDA:0,Bn
FNDA:0,(anonymous_960)
FNDA:0,Ba
FNDA:0,km
FNDA:0,Dm
FNDA:0,(anonymous_964)
FNDA:0,(anonymous_965)
FNDA:0,Ua
FNDA:0,Om
FNDA:0,_m
FNDA:0,(anonymous_969)
FNDA:0,(anonymous_970)
FNDA:0,Ga
FNDA:0,Qa
FNDA:0,(anonymous_973)
FNDA:0,(anonymous_974)
FNDA:0,(anonymous_975)
FNDA:0,Wa
FNDA:0,(anonymous_977)
FNDA:0,(anonymous_978)
FNDA:1,(anonymous_979)
FNDA:1,(anonymous_980)
FNDA:0,(anonymous_981)
FNDA:0,(anonymous_982)
FNDA:0,(anonymous_983)
FNDA:0,Nm
FNDA:0,Lm
FNDA:2,uo
FNDA:28,(anonymous_987)
FNDA:0,(anonymous_988)
FNDA:0,(anonymous_989)
FNDA:0,Fm
FNDA:0,(anonymous_991)
FNDA:0,(anonymous_992)
FNDA:1,co
FNDA:0,(anonymous_994)
FNDA:0,(anonymous_995)
FNDA:0,(anonymous_996)
FNDA:1,qm
FNDA:1,(anonymous_998)
FNDA:2,(anonymous_999)
FNDA:0,(anonymous_1000)
FNDA:0,(anonymous_1001)
FNDA:0,(anonymous_1002)
FNDA:0,jm
FNDA:1,Vm
FNDA:0,(anonymous_1005)
FNDA:1,Ka
FNDA:1,(anonymous_1007)
FNDA:1,Pt
FNDA:0,(anonymous_1009)
FNDA:0,(anonymous_1010)
FNDA:1,Bm
FNDA:1,(anonymous_1012)
FNDA:4,(anonymous_1013)
FNDA:1,Um
FNDA:1,(anonymous_1015)
FNDA:1,(anonymous_1016)
FNDA:0,(anonymous_1017)
FNDA:0,Ya
FNDA:0,za
FNDA:0,Za
FNDA:0,(anonymous_1021)
FNDA:0,(anonymous_1022)
FNDA:0,Gm
FNDA:0,(anonymous_1024)
FNDA:0,Qm
FNDA:0,(anonymous_1026)
FNDA:0,Un
FNDA:0,Xa
FNDA:0,(anonymous_1029)
FNDA:0,el
FNDA:0,(anonymous_1031)
FNDA:0,tl
FNDA:0,Jm
FNDA:0,Hm
FNDA:0,Tt
FNDA:0,il
FNDA:0,(anonymous_1037)
FNDA:0,(anonymous_1038)
FNDA:1,ol
FNDA:1,sl
FNDA:0,(anonymous_1041)
FNDA:0,al
FNDA:0,(anonymous_1043)
FNDA:0,(anonymous_1044)
FNDA:0,(anonymous_1045)
FNDA:0,ll
FNDA:0,(anonymous_1047)
FNDA:1,pl
FNDA:1,dl
FNDA:0,(anonymous_1050)
FNDA:0,(anonymous_1051)
FNDA:0,(anonymous_1052)
FNDA:0,(anonymous_1053)
FNDA:0,(anonymous_1054)
FNDA:0,(anonymous_1055)
FNDA:0,rf
FNDA:0,(anonymous_1057)
FNDA:0,Gn
FNDA:0,Qn
FNDA:0,nf
FNDA:0,Xe
FNDA:0,er
FNDA:0,(anonymous_1063)
FNDA:0,ml
FNDA:0,Wn
FNDA:0,Jn
FNDA:0,fl
FNDA:0,gl
FNDA:0,(anonymous_1069)
FNDA:0,hl
FNDA:0,(anonymous_1071)
FNDA:1,bl
FNDA:0,(anonymous_1073)
FNDA:0,(anonymous_1074)
FNDA:1,af
FNDA:1,El
FNDA:0,wl
FNDA:0,(anonymous_1078)
FNDA:0,xl
FNDA:0,(anonymous_1080)
FNDA:0,Pl
FNDA:0,Tl
FNDA:1,Vr
FNDA:0,(anonymous_1084)
FNDA:0,(anonymous_1085)
FNDA:0,(anonymous_1086)
FNDA:0,A
FNDA:0,(anonymous_1088)
FNDA:0,Rl
FNDA:0,(anonymous_1090)
FNDA:0,(anonymous_1091)
FNDA:0,uf
FNDA:0,fo
FNDA:0,(anonymous_1094)
FNDA:0,(anonymous_1095)
FNDA:0,(anonymous_1096)
FNDA:0,(anonymous_1097)
FNDA:0,(anonymous_1098)
FNDA:0,(anonymous_1099)
FNDA:0,(anonymous_1100)
FNDA:0,(anonymous_1101)
FNDA:0,(anonymous_1102)
FNDA:0,(anonymous_1103)
FNDA:0,(anonymous_1104)
FNDA:0,(anonymous_1105)
FNDA:0,(anonymous_1106)
FNDA:0,(anonymous_1107)
FNDA:0,(anonymous_1108)
FNDA:0,df
FNDA:0,Ft
FNDA:0,Gr
FNDA:0,Cl
FNDA:0,(anonymous_1113)
FNDA:0,(anonymous_1114)
FNDA:0,Il
FNDA:0,kl
FNDA:0,(anonymous_1117)
FNDA:0,(anonymous_1118)
FNDA:0,dr
FNDA:0,(anonymous_1120)
FNDA:0,gf
FNDA:0,_l
FNDA:0,hf
FNDA:0,(anonymous_1124)
FNDA:0,(anonymous_1125)
FNDA:0,(anonymous_1126)
FNDA:0,(anonymous_1127)
FNDA:0,(anonymous_1128)
FNDA:0,(anonymous_1129)
FNDA:0,(anonymous_1130)
FNDA:0,(anonymous_1131)
FNDA:0,(anonymous_1132)
FNDA:0,(anonymous_1133)
FNDA:0,(anonymous_1134)
FNDA:0,(anonymous_1135)
FNDA:0,(anonymous_1136)
FNDA:0,(anonymous_1137)
FNDA:0,(anonymous_1138)
FNDA:0,(anonymous_1139)
FNDA:0,(anonymous_1140)
FNDA:0,(anonymous_1141)
FNDA:0,(anonymous_1142)
FNDA:0,(anonymous_1143)
FNDA:0,(anonymous_1144)
FNDA:0,(anonymous_1145)
FNDA:0,(anonymous_1146)
FNDA:0,(anonymous_1147)
FNDA:0,(anonymous_1148)
FNDA:0,(anonymous_1149)
FNDA:0,Ll
FNDA:1,yf
FNDA:1,bf
FNDA:1,(anonymous_1153)
FNDA:1,(anonymous_1154)
FNDA:0,(anonymous_1155)
FNDA:0,(anonymous_1156)
FNDA:0,(anonymous_1157)
FNDA:0,(anonymous_1158)
FNDA:0,(anonymous_1159)
FNDA:0,wf
FNDA:0,xf
FNDA:2,Pf
FNDA:1,(anonymous_1163)
FNDA:1,(anonymous_1164)
FNDA:6,(anonymous_1165)
FNDA:2,(anonymous_1166)
FNDA:0,(anonymous_1167)
FNDA:0,(anonymous_1168)
FNDA:1,(anonymous_1169)
FNDA:1,(anonymous_1170)
FNDA:1,(anonymous_1171)
FNDA:1,(anonymous_1172)
FNDA:1,(anonymous_1173)
FNDA:1,(anonymous_1174)
FNDA:0,(anonymous_1175)
FNDA:0,(anonymous_1176)
FNDA:0,(anonymous_1177)
FNDA:0,(anonymous_1178)
FNDA:0,(anonymous_1179)
FNDA:1,(anonymous_1180)
FNDA:1,(anonymous_1181)
FNDA:0,(anonymous_1182)
FNDA:0,(anonymous_1183)
FNDA:0,(anonymous_1184)
FNDA:1,(anonymous_1185)
FNDA:0,(anonymous_1186)
FNDA:1,(anonymous_1187)
FNDA:0,(anonymous_1188)
FNDA:0,(anonymous_1189)
FNDA:0,(anonymous_1190)
FNDA:0,(anonymous_1191)
FNDA:0,(anonymous_1192)
FNDA:0,Tf
FNDA:0,So
FNDA:1,jl
FNDA:0,(anonymous_1196)
FNDA:0,(anonymous_1197)
FNDA:1,h
FNDA:1,Vl
FNDA:1,Yn
FNDA:0,(anonymous_1201)
FNDA:0,(anonymous_1202)
FNDA:0,(anonymous_1203)
FNDA:1,Wr
FNDA:1,Gl
FNDA:0,(anonymous_1206)
FNDA:0,Wl
FNDA:0,(anonymous_1208)
FNDA:0,Sf
FNDA:0,Jl
FNDA:0,Ql
FNDA:1,Ro
FNDA:1,(anonymous_1213)
FNDA:1,(anonymous_1214)
FNDA:1,(anonymous_1215)
FNDA:1,(anonymous_1216)
FNDA:0,(anonymous_1217)
FNDA:0,(anonymous_1218)
FNDA:1,Co
FNDA:1,(anonymous_1220)
FNDA:1,(anonymous_1221)
FNDA:0,(anonymous_1222)
FNDA:1,(anonymous_1223)
FNDA:0,(anonymous_1224)
FNDA:0,(anonymous_1225)
FNDA:0,(anonymous_1226)
FNDA:1,zl
FNDA:3,(anonymous_1228)
FNDA:2,(anonymous_1229)
FNDA:0,(anonymous_1230)
FNDA:2,(anonymous_1231)
FNDA:6,(anonymous_1232)
FNDA:3,(anonymous_1233)
FNDA:2,(anonymous_1234)
FNDA:0,(anonymous_1235)
FNDA:2,(anonymous_1236)
FNDA:6,(anonymous_1237)
FNDA:13,(anonymous_1238)
FNDA:1,Zl
FNDA:0,Xl
FNDA:0,(anonymous_1241)
FNDA:0,(anonymous_1242)
FNDA:0,(anonymous_1243)
FNDA:0,eu
FNDA:0,(anonymous_1245)
FNDA:0,(anonymous_1246)
FNDA:1,(anonymous_1247)
FNDA:0,(anonymous_1248)
FNDA:0,(anonymous_1249)
FNDA:0,Zn
FNDA:1,ru
FNDA:0,ko
FNDA:0,(anonymous_1253)
FNDA:1,Do
FNDA:1,(anonymous_1255)
FNDA:1,(anonymous_1256)
FNDA:0,(anonymous_1257)
FNDA:0,(anonymous_1258)
FNDA:0,(anonymous_1259)
FNDA:0,(anonymous_1260)
FNDA:0,(anonymous_1261)
FNDA:0,(anonymous_1262)
FNDA:0,(anonymous_1263)
FNDA:0,(anonymous_1264)
FNDA:0,(anonymous_1265)
FNDA:0,(anonymous_1266)
FNDA:0,mr
FNDA:0,(anonymous_1268)
FNDA:0,(anonymous_1269)
FNDA:0,(anonymous_1270)
FNDA:0,(anonymous_1271)
FNDA:0,(anonymous_1272)
FNDA:0,(anonymous_1273)
FNDA:0,ei
FNDA:0,kf
FNDA:1,(anonymous_1276)
FNDA:0,(anonymous_1277)
FNDA:0,(anonymous_1278)
FNDA:0,(anonymous_1279)
FNDA:0,(anonymous_1280)
FNDA:1,(anonymous_1281)
FNDA:1,(anonymous_1282)
FNDA:0,(anonymous_1283)
FNDA:1,(anonymous_1284)
FNDA:1,(anonymous_1285)
FNDA:0,(anonymous_1286)
FNDA:0,(anonymous_1287)
FNDA:0,(anonymous_1288)
FNDA:1,(anonymous_1289)
FNDA:0,(anonymous_1290)
FNDA:0,(anonymous_1291)
FNDA:0,Of
FNDA:0,nu
FNDA:0,_f
FNDA:0,Nf
FNDA:0,iu
FNDA:0,(anonymous_1297)
FNDA:0,(anonymous_1298)
FNDA:0,(anonymous_1299)
FNDA:0,(anonymous_1300)
FNDA:0,(anonymous_1301)
FNDA:0,(anonymous_1302)
FNDA:0,(anonymous_1303)
FNDA:0,r
FNDA:0,(anonymous_1305)
FNDA:0,(anonymous_1306)
FNDA:0,(anonymous_1307)
FNDA:0,(anonymous_1308)
FNDA:0,(anonymous_1309)
FNDA:0,pu
FNDA:0,Jr
FNDA:0,Ff
FNDA:0,(anonymous_1313)
FNDA:0,(anonymous_1314)
FNDA:0,Mf
FNDA:0,uu
FNDA:0,(anonymous_1317)
FNDA:0,$f
FNDA:0,(anonymous_1319)
FNDA:0,(anonymous_1320)
FNDA:0,(anonymous_1321)
FNDA:0,(anonymous_1322)
FNDA:0,du
FNDA:0,(anonymous_1324)
FNDA:0,(anonymous_1325)
FNDA:0,(anonymous_1326)
FNDA:0,(anonymous_1327)
FNDA:0,(anonymous_1328)
FNDA:0,(anonymous_1329)
FNDA:0,(anonymous_1330)
FNDA:0,(anonymous_1331)
FNDA:1,bu
FNDA:1,(anonymous_1333)
FNDA:0,(anonymous_1334)
FNDA:0,(anonymous_1335)
FNDA:0,(anonymous_1336)
FNDA:0,(anonymous_1337)
FNDA:0,(anonymous_1338)
FNDA:0,(anonymous_1339)
FNDA:0,(anonymous_1340)
FNDA:0,(anonymous_1341)
FNDA:1,(anonymous_1342)
FNDA:1,(anonymous_1343)
FNDA:1,(anonymous_1344)
FNDA:0,(anonymous_1345)
FNDA:0,(anonymous_1346)
FNDA:0,(anonymous_1347)
FNDA:0,(anonymous_1348)
FNDA:0,(anonymous_1349)
FNDA:0,(anonymous_1350)
FNDA:0,(anonymous_1351)
FNDA:0,(anonymous_1352)
FNDA:0,(anonymous_1353)
FNDA:0,(anonymous_1354)
FNDA:0,(anonymous_1355)
FNDA:0,(anonymous_1356)
FNDA:0,(anonymous_1357)
FNDA:0,(anonymous_1358)
FNDA:0,(anonymous_1359)
FNDA:0,(anonymous_1360)
FNDA:0,(anonymous_1361)
FNDA:0,(anonymous_1362)
FNDA:0,(anonymous_1363)
FNDA:0,(anonymous_1364)
FNDA:0,(anonymous_1365)
FNDA:0,(anonymous_1366)
FNDA:0,(anonymous_1367)
FNDA:1,(anonymous_1368)
FNDA:1,(anonymous_1369)
FNDA:0,(anonymous_1370)
FNDA:0,(anonymous_1371)
FNDA:1,(anonymous_1372)
FNDA:1,(anonymous_1373)
FNDA:1,(anonymous_1374)
FNDA:1,(anonymous_1375)
FNDA:0,(anonymous_1376)
FNDA:0,(anonymous_1377)
FNDA:1,mu
FNDA:1,Bf
FNDA:1,Eu
FNDA:0,(anonymous_1381)
FNDA:1,wu
DA:4,992
DA:5,16
DA:6,32
DA:7,8
DA:8,3
DA:9,1
DA:12,1
DA:14,0
DA:15,16
DA:16,1
DA:18,0
DA:22,0
DA:24,292
DA:25,0
DA:26,0
DA:27,0
DA:28,1
DA:29,1
DA:30,1
DA:31,3
DA:32,57
DA:33,1
DA:34,28
DA:36,1
DA:38,0
DA:39,0
DA:40,0
DA:45,0
DA:46,0
DA:48,0
DA:55,0
DA:60,0
DA:67,1
DA:68,0
DA:69,1
DA:72,0
DA:104,0
DA:113,1
DA:114,6
DA:115,1
DA:116,1
DA:117,1
DA:124,13
DA:125,1
DA:126,0
DA:127,0
DA:128,0
DA:129,0
DA:133,1
DA:134,1
LF:50
LH:29
BRDA:4,0,0,2
BRDA:4,0,1,2
BRDA:4,1,0,21
BRDA:4,1,1,14
BRDA:4,2,0,32
BRDA:4,2,1,0
BRDA:4,3,0,32
BRDA:4,3,1,32
BRDA:4,3,2,8
BRDA:4,4,0,992
BRDA:4,4,1,991
BRDA:4,4,2,991
BRDA:4,5,0,991
BRDA:4,5,1,991
BRDA:4,6,0,31
BRDA:4,6,1,0
BRDA:4,7,0,28
BRDA:4,7,1,3
BRDA:4,8,0,31
BRDA:4,8,1,28
BRDA:4,8,2,28
BRDA:4,9,0,36
BRDA:4,10,0,0
BRDA:4,10,1,36
BRDA:4,11,0,0
BRDA:4,11,1,36
BRDA:4,12,0,36
BRDA:4,12,1,0
BRDA:4,12,2,0
BRDA:4,13,0,0
BRDA:4,13,1,1
BRDA:4,14,0,1
BRDA:4,14,1,1
BRDA:4,14,2,1
BRDA:4,14,3,1
BRDA:4,15,0,1
BRDA:4,15,1,1
BRDA:4,15,2,1
BRDA:4,15,3,1
BRDA:4,15,4,0
BRDA:4,16,0,1
BRDA:4,16,1,1
BRDA:4,17,0,0
BRDA:4,17,1,1
BRDA:4,18,0,0
BRDA:4,18,1,1
BRDA:4,19,0,0
BRDA:4,19,1,1
BRDA:4,20,0,0
BRDA:4,20,1,4
BRDA:4,21,0,0
BRDA:4,21,1,4
BRDA:4,22,0,0
BRDA:4,22,1,4
BRDA:4,23,0,4
BRDA:4,23,1,4
BRDA:4,23,2,4
BRDA:4,24,0,0
BRDA:4,24,1,4
BRDA:4,25,0,0
BRDA:4,25,1,4
BRDA:4,26,0,4
BRDA:4,26,1,4
BRDA:4,26,2,4
BRDA:4,27,0,4
BRDA:4,27,1,0
BRDA:4,28,0,0
BRDA:4,28,1,4
BRDA:4,29,0,0
BRDA:4,29,1,4
BRDA:4,30,0,0
BRDA:4,30,1,0
BRDA:4,31,0,0
BRDA:4,31,1,0
BRDA:4,32,0,0
BRDA:4,32,1,0
BRDA:4,33,0,0
BRDA:4,33,1,4
BRDA:4,34,0,0
BRDA:4,34,1,0
BRDA:4,35,0,0
BRDA:4,35,1,0
BRDA:4,36,0,0
BRDA:4,36,1,4
BRDA:4,37,0,0
BRDA:4,37,1,0
BRDA:4,38,0,4
BRDA:4,38,1,0
BRDA:4,39,0,0
BRDA:4,39,1,0
BRDA:4,40,0,0
BRDA:4,40,1,0
BRDA:4,41,0,0
BRDA:4,41,1,0
BRDA:4,42,0,0
BRDA:4,42,1,0
BRDA:4,43,0,0
BRDA:4,43,1,0
BRDA:4,44,0,0
BRDA:4,44,1,0
BRDA:4,45,0,0
BRDA:4,45,1,0
BRDA:4,46,0,2
BRDA:4,46,1,2
BRDA:4,47,0,0
BRDA:4,47,1,0
BRDA:4,48,0,0
BRDA:4,48,1,0
BRDA:4,49,0,0
BRDA:4,49,1,0
BRDA:4,50,0,0
BRDA:4,50,1,2
BRDA:4,51,0,0
BRDA:4,51,1,0
BRDA:4,52,0,0
BRDA:4,52,1,2
BRDA:4,53,0,2
BRDA:4,53,1,2
BRDA:4,53,2,2
BRDA:4,53,3,2
BRDA:4,54,0,0
BRDA:4,54,1,2
BRDA:4,55,0,2
BRDA:4,55,1,2
BRDA:4,55,2,2
BRDA:4,56,0,2
BRDA:4,56,1,0
BRDA:4,57,0,2
BRDA:4,57,1,2
BRDA:4,57,2,2
BRDA:4,58,0,0
BRDA:4,58,1,0
BRDA:4,59,0,0
BRDA:4,59,1,0
BRDA:4,60,0,0
BRDA:4,60,1,0
BRDA:4,60,2,0
BRDA:4,61,0,0
BRDA:4,61,1,0
BRDA:4,62,0,0
BRDA:4,62,1,0
BRDA:4,63,0,0
BRDA:4,63,1,0
BRDA:4,63,2,0
BRDA:4,63,3,0
BRDA:4,64,0,0
BRDA:4,64,1,0
BRDA:4,65,0,0
BRDA:4,65,1,0
BRDA:4,65,2,0
BRDA:4,66,0,0
BRDA:4,66,1,0
BRDA:4,67,0,0
BRDA:4,67,1,0
BRDA:4,68,0,0
BRDA:4,68,1,0
BRDA:4,69,0,0
BRDA:4,70,0,0
BRDA:4,70,1,0
BRDA:4,71,0,0
BRDA:4,72,0,0
BRDA:4,72,1,0
BRDA:4,73,0,0
BRDA:4,73,1,0
BRDA:4,74,0,0
BRDA:4,74,1,0
BRDA:4,75,0,0
BRDA:4,75,1,0
BRDA:4,76,0,0
BRDA:4,76,1,0
BRDA:4,77,0,0
BRDA:4,78,0,0
BRDA:4,79,0,0
BRDA:4,79,1,0
BRDA:4,80,0,0
BRDA:4,80,1,0
BRDA:5,81,0,16
BRDA:5,81,1,0
BRDA:5,82,0,16
BRDA:5,82,1,0
BRDA:6,83,0,0
BRDA:6,83,1,0
BRDA:6,84,0,0
BRDA:6,84,1,0
BRDA:6,85,0,0
BRDA:6,85,1,2
BRDA:6,86,0,2
BRDA:6,86,1,2
BRDA:6,86,2,0
BRDA:6,87,0,0
BRDA:6,87,1,2
BRDA:6,88,0,2
BRDA:6,88,1,0
BRDA:6,89,0,0
BRDA:6,89,1,0
BRDA:6,90,0,0
BRDA:6,90,1,0
BRDA:6,91,0,0
BRDA:6,91,1,0
BRDA:6,92,0,0
BRDA:6,92,1,0
BRDA:6,93,0,0
BRDA:6,93,1,0
BRDA:6,94,0,0
BRDA:6,94,1,0
BRDA:6,94,2,0
BRDA:6,95,0,0
BRDA:6,95,1,0
BRDA:6,96,0,0
BRDA:6,96,1,0
BRDA:6,97,0,0
BRDA:6,97,1,0
BRDA:6,98,0,0
BRDA:6,98,1,0
BRDA:6,99,0,0
BRDA:6,99,1,0
BRDA:6,100,0,0
BRDA:6,100,1,2
BRDA:6,101,0,0
BRDA:6,101,1,0
BRDA:6,102,0,0
BRDA:6,102,1,0
BRDA:6,103,0,0
BRDA:6,103,1,0
BRDA:6,103,2,0
BRDA:6,104,0,2
BRDA:6,104,1,2
BRDA:6,105,0,0
BRDA:6,105,1,2
BRDA:6,106,0,2
BRDA:6,106,1,2
BRDA:6,107,0,2
BRDA:6,107,1,0
BRDA:6,108,0,2
BRDA:6,108,1,0
BRDA:6,109,0,2
BRDA:6,109,1,2
BRDA:6,110,0,2
BRDA:6,110,1,0
BRDA:6,111,0,0
BRDA:6,111,1,0
BRDA:6,112,0,2
BRDA:6,112,1,2
BRDA:6,112,2,0
BRDA:6,113,0,0
BRDA:6,113,1,2
BRDA:6,114,0,2
BRDA:6,114,1,0
BRDA:6,115,0,0
BRDA:6,115,1,0
BRDA:6,116,0,0
BRDA:6,116,1,0
BRDA:6,117,0,0
BRDA:6,117,1,0
BRDA:6,118,0,0
BRDA:6,118,1,0
BRDA:6,119,0,0
BRDA:6,120,0,4
BRDA:6,120,1,4
BRDA:6,121,0,4
BRDA:6,121,1,4
BRDA:6,122,0,0
BRDA:6,122,1,4
BRDA:6,123,0,8
BRDA:6,123,1,24
BRDA:6,124,0,8
BRDA:6,124,1,0
BRDA:6,125,0,8
BRDA:6,125,1,0
BRDA:6,126,0,0
BRDA:6,126,1,0
BRDA:6,127,0,0
BRDA:6,128,0,0
BRDA:6,128,1,0
BRDA:6,129,0,0
BRDA:6,129,1,0
BRDA:6,130,0,0
BRDA:6,130,1,0
BRDA:6,131,0,0
BRDA:6,131,1,0
BRDA:6,132,0,0
BRDA:6,132,1,0
BRDA:6,133,0,0
BRDA:6,133,1,0
BRDA:6,134,0,0
BRDA:6,134,1,0
BRDA:6,135,0,0
BRDA:6,135,1,0
BRDA:6,136,0,0
BRDA:6,136,1,0
BRDA:6,137,0,0
BRDA:6,137,1,0
BRDA:6,138,0,0
BRDA:6,138,1,0
BRDA:6,139,0,0
BRDA:6,139,1,0
BRDA:6,140,0,0
BRDA:6,140,1,0
BRDA:6,141,0,0
BRDA:6,141,1,0
BRDA:6,142,0,0
BRDA:6,142,1,0
BRDA:6,143,0,0
BRDA:6,143,1,0
BRDA:6,144,0,0
BRDA:6,144,1,0
BRDA:6,145,0,0
BRDA:6,145,1,0
BRDA:6,146,0,1
BRDA:6,146,1,1
BRDA:6,147,0,1
BRDA:6,147,1,0
BRDA:6,148,0,1
BRDA:6,148,1,1
BRDA:6,149,0,1
BRDA:6,149,1,1
BRDA:6,149,2,1
BRDA:6,149,3,1
BRDA:6,149,4,1
BRDA:6,149,5,0
BRDA:6,150,0,0
BRDA:6,150,1,7
BRDA:6,151,0,7
BRDA:6,151,1,7
BRDA:6,152,0,0
BRDA:6,152,1,7
BRDA:6,153,0,1
BRDA:6,153,1,0
BRDA:6,154,0,1
BRDA:6,154,1,1
BRDA:6,155,0,0
BRDA:6,155,1,1
BRDA:6,156,0,0
BRDA:6,156,1,0
BRDA:6,157,0,31
BRDA:6,157,1,0
BRDA:6,158,0,31
BRDA:6,158,1,0
BRDA:6,159,0,31
BRDA:6,159,1,0
BRDA:6,160,0,31
BRDA:6,160,1,0
BRDA:6,161,0,31
BRDA:6,161,1,0
BRDA:6,162,0,0
BRDA:6,162,1,0
BRDA:6,163,0,0
BRDA:6,163,1,16
BRDA:6,164,0,16
BRDA:6,164,1,16
BRDA:6,165,0,16
BRDA:6,165,1,0
BRDA:6,166,0,16
BRDA:6,166,1,16
BRDA:6,167,0,0
BRDA:6,167,1,0
BRDA:6,168,0,0
BRDA:6,168,1,0
BRDA:6,169,0,0
BRDA:6,170,0,0
BRDA:6,170,1,0
BRDA:6,171,0,0
BRDA:6,171,1,0
BRDA:6,172,0,0
BRDA:6,172,1,0
BRDA:6,173,0,0
BRDA:6,173,1,0
BRDA:6,174,0,0
BRDA:6,175,0,0
BRDA:6,175,1,0
BRDA:7,176,0,0
BRDA:7,176,1,0
BRDA:7,177,0,0
BRDA:7,177,1,1
BRDA:7,178,0,1
BRDA:7,178,1,1
BRDA:7,179,0,1
BRDA:7,179,1,0
BRDA:7,180,0,0
BRDA:7,180,1,1
BRDA:7,181,0,0
BRDA:7,181,1,0
BRDA:7,182,0,1
BRDA:7,182,1,0
BRDA:7,183,0,0
BRDA:7,183,1,1
BRDA:7,184,0,0
BRDA:7,184,1,0
BRDA:7,185,0,0
BRDA:7,185,1,0
BRDA:7,186,0,0
BRDA:7,186,1,0
BRDA:7,187,0,0
BRDA:7,187,1,0
BRDA:7,188,0,0
BRDA:7,188,1,0
BRDA:7,188,2,0
BRDA:7,189,0,0
BRDA:7,189,1,0
BRDA:7,190,0,0
BRDA:7,190,1,0
BRDA:7,191,0,0
BRDA:7,191,1,0
BRDA:7,192,0,0
BRDA:7,192,1,0
BRDA:7,193,0,0
BRDA:7,193,1,0
BRDA:7,194,0,0
BRDA:7,194,1,0
BRDA:7,195,0,0
BRDA:7,195,1,0
BRDA:7,196,0,0
BRDA:7,196,1,0
BRDA:7,197,0,0
BRDA:7,197,1,0
BRDA:7,198,0,0
BRDA:7,198,1,0
BRDA:7,199,0,0
BRDA:7,199,1,0
BRDA:7,200,0,0
BRDA:7,200,1,0
BRDA:7,201,0,0
BRDA:7,201,1,0
BRDA:7,201,2,0
BRDA:7,201,3,0
BRDA:7,202,0,0
BRDA:7,202,1,0
BRDA:7,203,0,0
BRDA:7,203,1,0
BRDA:7,203,2,0
BRDA:7,203,3,0
BRDA:7,204,0,0
BRDA:7,204,1,0
BRDA:7,205,0,0
BRDA:7,205,1,0
BRDA:7,206,0,0
BRDA:7,206,1,0
BRDA:7,207,0,0
BRDA:7,207,1,0
BRDA:7,208,0,0
BRDA:7,208,1,0
BRDA:7,209,0,0
BRDA:7,209,1,0
BRDA:7,210,0,0
BRDA:7,210,1,0
BRDA:7,211,0,0
BRDA:7,211,1,0
BRDA:7,212,0,0
BRDA:7,212,1,0
BRDA:7,213,0,0
BRDA:7,213,1,0
BRDA:7,214,0,0
BRDA:7,214,1,0
BRDA:7,215,0,0
BRDA:7,215,1,0
BRDA:7,216,0,0
BRDA:7,216,1,0
BRDA:7,217,0,0
BRDA:7,217,1,0
BRDA:7,218,0,0
BRDA:7,218,1,0
BRDA:7,219,0,0
BRDA:7,219,1,0
BRDA:7,220,0,0
BRDA:7,220,1,0
BRDA:7,221,0,0
BRDA:7,221,1,0
BRDA:7,222,0,0
BRDA:7,222,1,0
BRDA:7,223,0,0
BRDA:7,223,1,0
BRDA:7,224,0,0
BRDA:7,224,1,0
BRDA:7,225,0,0
BRDA:7,225,1,0
BRDA:7,225,2,0
BRDA:7,226,0,0
BRDA:7,226,1,0
BRDA:7,227,0,0
BRDA:7,227,1,0
BRDA:7,228,0,0
BRDA:7,228,1,0
BRDA:7,229,0,0
BRDA:7,229,1,0
BRDA:7,230,0,0
BRDA:7,230,1,0
BRDA:7,231,0,0
BRDA:7,231,1,0
BRDA:7,232,0,0
BRDA:7,232,1,0
BRDA:7,233,0,0
BRDA:7,233,1,0
BRDA:7,234,0,0
BRDA:7,234,1,0
BRDA:7,234,2,0
BRDA:7,235,0,0
BRDA:7,235,1,0
BRDA:7,236,0,0
BRDA:7,236,1,0
BRDA:7,237,0,0
BRDA:7,237,1,0
BRDA:7,238,0,0
BRDA:7,238,1,0
BRDA:7,239,0,0
BRDA:7,239,1,0
BRDA:7,240,0,0
BRDA:7,240,1,0
BRDA:7,241,0,0
BRDA:7,241,1,0
BRDA:7,242,0,0
BRDA:7,242,1,0
BRDA:7,243,0,0
BRDA:7,243,1,0
BRDA:7,244,0,0
BRDA:7,244,1,0
BRDA:7,245,0,0
BRDA:7,245,1,0
BRDA:7,246,0,0
BRDA:7,246,1,0
BRDA:7,246,2,0
BRDA:7,247,0,0
BRDA:7,247,1,0
BRDA:7,248,0,0
BRDA:7,248,1,0
BRDA:7,249,0,0
BRDA:7,249,1,0
BRDA:7,250,0,0
BRDA:7,250,1,0
BRDA:7,251,0,0
BRDA:7,251,1,0
BRDA:7,252,0,0
BRDA:7,252,1,0
BRDA:7,253,0,0
BRDA:7,253,1,0
BRDA:7,254,0,0
BRDA:7,254,1,1
BRDA:7,255,0,0
BRDA:7,255,1,0
BRDA:7,256,0,0
BRDA:7,256,1,0
BRDA:7,257,0,0
BRDA:7,257,1,0
BRDA:7,258,0,1
BRDA:7,258,1,0
BRDA:7,259,0,0
BRDA:7,259,1,0
BRDA:7,259,2,0
BRDA:7,259,3,0
BRDA:7,260,0,0
BRDA:7,260,1,0
BRDA:7,260,2,0
BRDA:7,260,3,0
BRDA:7,261,0,0
BRDA:7,261,1,0
BRDA:7,262,0,0
BRDA:7,262,1,0
BRDA:7,263,0,0
BRDA:7,263,1,0
BRDA:7,263,2,0
BRDA:7,263,3,0
BRDA:8,264,0,0
BRDA:8,264,1,0
BRDA:8,265,0,0
BRDA:8,265,1,0
BRDA:8,266,0,0
BRDA:8,266,1,0
BRDA:8,267,0,0
BRDA:8,267,1,0
BRDA:8,268,0,0
BRDA:8,268,1,0
BRDA:8,269,0,0
BRDA:8,269,1,0
BRDA:8,270,0,0
BRDA:8,270,1,0
BRDA:8,271,0,0
BRDA:8,271,1,0
BRDA:8,272,0,0
BRDA:8,272,1,0
BRDA:8,273,0,0
BRDA:8,273,1,0
BRDA:8,274,0,0
BRDA:8,274,1,0
BRDA:8,275,0,0
BRDA:8,275,1,0
BRDA:8,276,0,0
BRDA:8,276,1,0
BRDA:8,277,0,0
BRDA:8,277,1,0
BRDA:8,278,0,0
BRDA:8,278,1,0
BRDA:8,279,0,2
BRDA:8,279,1,1
BRDA:8,280,0,1
BRDA:8,280,1,0
BRDA:8,280,2,0
BRDA:8,281,0,0
BRDA:8,281,1,1
BRDA:8,282,0,1
BRDA:8,282,1,0
BRDA:9,283,0,1
BRDA:9,283,1,0
BRDA:9,284,0,1
BRDA:9,284,1,0
BRDA:9,284,2,0
BRDA:9,285,0,1
BRDA:9,285,1,1
BRDA:9,286,0,0
BRDA:9,286,1,0
BRDA:9,287,0,0
BRDA:9,287,1,0
BRDA:9,288,0,0
BRDA:9,288,1,0
BRDA:9,289,0,0
BRDA:9,289,1,0
BRDA:9,290,0,0
BRDA:9,290,1,0
BRDA:9,291,0,0
BRDA:9,291,1,0
BRDA:9,292,0,0
BRDA:9,292,1,0
BRDA:9,293,0,0
BRDA:9,293,1,0
BRDA:9,294,0,0
BRDA:9,294,1,0
BRDA:9,295,0,0
BRDA:9,295,1,0
BRDA:9,296,0,0
BRDA:9,296,1,0
BRDA:9,297,0,0
BRDA:9,297,1,0
BRDA:9,298,0,0
BRDA:9,298,1,0
BRDA:9,299,0,0
BRDA:9,299,1,0
BRDA:9,300,0,0
BRDA:9,300,1,0
BRDA:9,301,0,0
BRDA:9,301,1,0
BRDA:9,302,0,0
BRDA:9,302,1,0
BRDA:9,303,0,0
BRDA:9,303,1,0
BRDA:9,304,0,0
BRDA:9,304,1,0
BRDA:9,305,0,0
BRDA:9,305,1,0
BRDA:9,305,2,0
BRDA:9,306,0,0
BRDA:9,306,1,0
BRDA:9,307,0,0
BRDA:9,307,1,0
BRDA:9,308,0,0
BRDA:9,308,1,0
BRDA:9,309,0,0
BRDA:9,309,1,0
BRDA:9,310,0,1
BRDA:9,310,1,0
BRDA:9,311,0,1
BRDA:9,311,1,0
BRDA:9,312,0,1
BRDA:9,312,1,0
BRDA:9,313,0,1
BRDA:9,313,1,0
BRDA:9,314,0,1
BRDA:9,314,1,1
BRDA:9,314,2,0
BRDA:9,314,3,0
BRDA:9,315,0,1
BRDA:9,315,1,1
BRDA:9,315,2,1
BRDA:9,316,0,1
BRDA:9,316,1,1
BRDA:9,316,2,1
BRDA:9,316,3,1
BRDA:9,317,0,1
BRDA:9,317,1,1
BRDA:9,317,2,1
BRDA:9,317,3,1
BRDA:9,318,0,1
BRDA:9,318,1,1
BRDA:9,318,2,1
BRDA:9,318,3,1
BRDA:9,319,0,1
BRDA:9,319,1,1
BRDA:9,320,0,1
BRDA:9,320,1,1
BRDA:9,321,0,0
BRDA:9,321,1,1
BRDA:9,322,0,0
BRDA:9,322,1,0
BRDA:9,323,0,0
BRDA:9,323,1,0
BRDA:9,324,0,0
BRDA:9,324,1,0
BRDA:9,325,0,0
BRDA:9,325,1,0
BRDA:9,326,0,0
BRDA:9,326,1,0
BRDA:9,327,0,0
BRDA:9,327,1,0
BRDA:9,328,0,0
BRDA:9,328,1,0
BRDA:9,329,0,0
BRDA:9,330,0,0
BRDA:9,331,0,0
BRDA:9,332,0,0
BRDA:9,333,0,0
BRDA:9,333,1,1
BRDA:9,334,0,0
BRDA:9,334,1,1
BRDA:9,335,0,0
BRDA:9,335,1,0
BRDA:9,336,0,0
BRDA:9,336,1,0
BRDA:9,337,0,0
BRDA:9,337,1,1
BRDA:9,338,0,0
BRDA:9,339,0,0
BRDA:9,339,1,0
BRDA:9,340,0,0
BRDA:9,340,1,0
BRDA:9,341,0,0
BRDA:9,341,1,0
BRDA:9,342,0,0
BRDA:9,343,0,0
BRDA:9,344,0,0
BRDA:9,344,1,0
BRDA:9,345,0,0
BRDA:9,345,1,0
BRDA:9,345,2,0
BRDA:9,346,0,0
BRDA:9,346,1,0
BRDA:9,346,2,0
BRDA:9,347,0,0
BRDA:9,347,1,0
BRDA:9,348,0,0
BRDA:9,348,1,0
BRDA:9,349,0,0
BRDA:9,349,1,0
BRDA:9,350,0,0
BRDA:9,351,0,0
BRDA:9,352,0,0
BRDA:9,352,1,0
BRDA:9,353,0,0
BRDA:9,353,1,0
BRDA:9,354,0,0
BRDA:9,354,1,0
BRDA:9,355,0,0
BRDA:9,356,0,1
BRDA:9,356,1,1
BRDA:9,357,0,1
BRDA:9,357,1,0
BRDA:9,358,0,0
BRDA:9,358,1,0
BRDA:9,359,0,0
BRDA:9,359,1,0
BRDA:9,360,0,0
BRDA:9,360,1,1
BRDA:9,361,0,0
BRDA:9,361,1,1
BRDA:9,362,0,0
BRDA:9,362,1,1
BRDA:9,363,0,0
BRDA:9,363,1,0
BRDA:9,364,0,0
BRDA:9,364,1,0
BRDA:9,365,0,0
BRDA:9,366,0,0
BRDA:9,366,1,0
BRDA:9,367,0,0
BRDA:9,367,1,0
BRDA:9,368,0,0
BRDA:9,368,1,0
BRDA:9,369,0,0
BRDA:9,369,1,0
BRDA:9,370,0,0
BRDA:9,370,1,0
BRDA:9,371,0,0
BRDA:9,371,1,0
BRDA:9,372,0,0
BRDA:9,372,1,0
BRDA:9,373,0,0
BRDA:9,373,1,0
BRDA:9,374,0,0
BRDA:9,374,1,0
BRDA:9,375,0,0
BRDA:9,375,1,0
BRDA:12,376,0,0
BRDA:12,376,1,0
BRDA:12,377,0,1
BRDA:12,377,1,0
BRDA:12,378,0,0
BRDA:12,378,1,0
BRDA:12,379,0,0
BRDA:12,379,1,0
BRDA:12,379,2,0
BRDA:12,380,0,0
BRDA:12,380,1,0
BRDA:14,381,0,0
BRDA:14,381,1,0
BRDA:14,382,0,0
BRDA:14,382,1,0
BRDA:14,383,0,0
BRDA:14,383,1,0
BRDA:15,384,0,0
BRDA:15,384,1,0
BRDA:15,385,0,0
BRDA:15,385,1,0
BRDA:15,386,0,0
BRDA:15,386,1,0
BRDA:15,387,0,0
BRDA:15,387,1,0
BRDA:15,388,0,0
BRDA:15,388,1,2
BRDA:15,389,0,16
BRDA:15,389,1,16
BRDA:15,390,0,0
BRDA:15,390,1,0
BRDA:15,391,0,0
BRDA:15,391,1,0
BRDA:15,392,0,0
BRDA:15,392,1,0
BRDA:15,393,0,0
BRDA:15,393,1,0
BRDA:15,394,0,16
BRDA:15,394,1,0
BRDA:15,395,0,0
BRDA:15,396,0,2
BRDA:15,396,1,1
BRDA:15,397,0,2
BRDA:15,397,1,2
BRDA:15,398,0,2
BRDA:15,398,1,2
BRDA:15,398,2,0
BRDA:15,399,0,0
BRDA:15,399,1,2
BRDA:16,400,0,0
BRDA:16,400,1,1
BRDA:16,401,0,1
BRDA:16,401,1,0
BRDA:16,401,2,0
BRDA:16,401,3,0
BRDA:16,402,0,0
BRDA:16,402,1,0
BRDA:16,403,0,0
BRDA:16,403,1,0
BRDA:16,404,0,0
BRDA:16,404,1,0
BRDA:16,405,0,0
BRDA:16,405,1,0
BRDA:22,406,0,0
BRDA:22,406,1,0
BRDA:22,407,0,0
BRDA:22,407,1,0
BRDA:24,408,0,2
BRDA:24,408,1,2
BRDA:24,409,0,0
BRDA:24,409,1,2
BRDA:24,410,0,3
BRDA:24,410,1,0
BRDA:24,410,2,0
BRDA:24,411,0,4
BRDA:24,411,1,2
BRDA:24,412,0,0
BRDA:24,412,1,0
BRDA:24,413,0,0
BRDA:24,413,1,0
BRDA:24,414,0,0
BRDA:24,414,1,0
BRDA:24,415,0,0
BRDA:24,415,1,0
BRDA:24,416,0,0
BRDA:24,416,1,0
BRDA:24,417,0,0
BRDA:24,417,1,0
BRDA:24,418,0,0
BRDA:24,418,1,0
BRDA:24,419,0,0
BRDA:24,419,1,0
BRDA:24,420,0,0
BRDA:24,420,1,0
BRDA:24,421,0,0
BRDA:24,421,1,0
BRDA:24,422,0,0
BRDA:24,422,1,0
BRDA:24,423,0,0
BRDA:24,423,1,0
BRDA:24,424,0,0
BRDA:24,424,1,0
BRDA:24,425,0,0
BRDA:24,425,1,0
BRDA:24,426,0,0
BRDA:24,426,1,0
BRDA:24,427,0,0
BRDA:24,427,1,0
BRDA:24,428,0,0
BRDA:24,428,1,0
BRDA:24,429,0,0
BRDA:24,429,1,0
BRDA:24,430,0,0
BRDA:24,430,1,0
BRDA:24,431,0,0
BRDA:24,431,1,0
BRDA:24,432,0,0
BRDA:24,432,1,0
BRDA:24,433,0,0
BRDA:24,433,1,0
BRDA:24,434,0,0
BRDA:24,434,1,0
BRDA:24,435,0,0
BRDA:24,435,1,0
BRDA:24,436,0,0
BRDA:24,436,1,0
BRDA:24,437,0,0
BRDA:24,437,1,0
BRDA:24,438,0,0
BRDA:24,438,1,0
BRDA:24,439,0,0
BRDA:24,439,1,0
BRDA:24,440,0,0
BRDA:24,440,1,0
BRDA:24,441,0,0
BRDA:24,441,1,0
BRDA:24,442,0,0
BRDA:24,442,1,0
BRDA:24,443,0,0
BRDA:24,443,1,0
BRDA:24,444,0,0
BRDA:24,444,1,0
BRDA:24,445,0,0
BRDA:24,445,1,0
BRDA:24,446,0,0
BRDA:24,446,1,0
BRDA:24,447,0,0
BRDA:24,447,1,0
BRDA:24,448,0,0
BRDA:24,448,1,0
BRDA:24,449,0,0
BRDA:24,449,1,0
BRDA:24,450,0,0
BRDA:24,450,1,0
BRDA:24,451,0,0
BRDA:24,451,1,0
BRDA:24,452,0,0
BRDA:24,452,1,0
BRDA:24,453,0,0
BRDA:24,453,1,0
BRDA:24,454,0,0
BRDA:24,454,1,0
BRDA:24,455,0,0
BRDA:24,455,1,0
BRDA:24,455,2,0
BRDA:24,456,0,0
BRDA:24,456,1,0
BRDA:24,457,0,0
BRDA:24,457,1,0
BRDA:24,458,0,0
BRDA:24,458,1,0
BRDA:24,458,2,0
BRDA:24,458,3,0
BRDA:24,459,0,0
BRDA:24,459,1,0
BRDA:24,460,0,0
BRDA:24,460,1,0
BRDA:24,461,0,0
BRDA:24,461,1,0
BRDA:24,462,0,0
BRDA:24,462,1,0
BRDA:24,463,0,0
BRDA:24,463,1,0
BRDA:24,464,0,0
BRDA:24,464,1,0
BRDA:24,465,0,0
BRDA:24,465,1,0
BRDA:24,466,0,0
BRDA:24,466,1,0
BRDA:24,467,0,0
BRDA:24,467,1,0
BRDA:24,468,0,0
BRDA:24,468,1,0
BRDA:24,469,0,0
BRDA:24,469,1,0
BRDA:24,470,0,0
BRDA:24,470,1,0
BRDA:24,471,0,0
BRDA:24,471,1,0
BRDA:24,472,0,0
BRDA:24,472,1,0
BRDA:24,473,0,0
BRDA:24,473,1,0
BRDA:24,474,0,0
BRDA:24,474,1,0
BRDA:24,475,0,0
BRDA:24,475,1,0
BRDA:24,476,0,0
BRDA:24,476,1,0
BRDA:24,477,0,0
BRDA:24,477,1,0
BRDA:24,478,0,0
BRDA:24,478,1,0
BRDA:24,479,0,0
BRDA:24,479,1,0
BRDA:24,480,0,0
BRDA:24,480,1,0
BRDA:24,481,0,0
BRDA:24,481,1,0
BRDA:24,482,0,0
BRDA:24,482,1,0
BRDA:24,483,0,0
BRDA:24,483,1,0
BRDA:24,484,0,0
BRDA:24,484,1,0
BRDA:24,485,0,0
BRDA:24,485,1,0
BRDA:24,486,0,0
BRDA:24,486,1,0
BRDA:24,487,0,0
BRDA:24,487,1,0
BRDA:24,488,0,0
BRDA:24,488,1,0
BRDA:24,489,0,0
BRDA:24,489,1,0
BRDA:24,490,0,0
BRDA:24,490,1,0
BRDA:24,491,0,0
BRDA:24,491,1,0
BRDA:24,492,0,0
BRDA:24,492,1,0
BRDA:24,493,0,0
BRDA:24,493,1,0
BRDA:24,494,0,0
BRDA:24,494,1,0
BRDA:24,495,0,0
BRDA:24,495,1,0
BRDA:24,496,0,0
BRDA:24,496,1,0
BRDA:24,497,0,0
BRDA:24,497,1,0
BRDA:24,498,0,0
BRDA:24,498,1,0
BRDA:24,499,0,0
BRDA:24,499,1,0
BRDA:24,500,0,0
BRDA:24,500,1,0
BRDA:24,501,0,0
BRDA:24,501,1,0
BRDA:24,502,0,0
BRDA:24,502,1,0
BRDA:24,503,0,0
BRDA:24,503,1,0
BRDA:24,503,2,0
BRDA:24,503,3,0
BRDA:24,504,0,0
BRDA:24,504,1,0
BRDA:24,505,0,0
BRDA:24,505,1,0
BRDA:24,505,2,0
BRDA:24,505,3,0
BRDA:24,506,0,0
BRDA:24,506,1,0
BRDA:24,507,0,0
BRDA:24,507,1,0
BRDA:24,508,0,0
BRDA:24,508,1,0
BRDA:24,509,0,0
BRDA:24,509,1,0
BRDA:24,510,0,0
BRDA:24,510,1,0
BRDA:24,511,0,0
BRDA:24,511,1,0
BRDA:24,512,0,0
BRDA:24,512,1,0
BRDA:24,513,0,0
BRDA:24,513,1,0
BRDA:24,514,0,0
BRDA:24,514,1,0
BRDA:24,515,0,0
BRDA:24,515,1,0
BRDA:24,516,0,0
BRDA:24,516,1,0
BRDA:24,517,0,0
BRDA:24,517,1,0
BRDA:24,518,0,0
BRDA:24,518,1,0
BRDA:24,519,0,0
BRDA:24,519,1,0
BRDA:24,520,0,0
BRDA:24,520,1,0
BRDA:24,521,0,0
BRDA:24,521,1,0
BRDA:24,522,0,0
BRDA:24,522,1,0
BRDA:24,523,0,0
BRDA:24,523,1,0
BRDA:24,524,0,0
BRDA:24,524,1,0
BRDA:24,525,0,0
BRDA:24,525,1,0
BRDA:24,526,0,0
BRDA:24,526,1,0
BRDA:24,527,0,0
BRDA:24,527,1,0
BRDA:24,528,0,0
BRDA:24,528,1,0
BRDA:24,529,0,0
BRDA:24,529,1,0
BRDA:24,530,0,0
BRDA:24,530,1,0
BRDA:24,531,0,0
BRDA:24,531,1,0
BRDA:24,532,0,0
BRDA:24,532,1,0
BRDA:24,533,0,0
BRDA:24,533,1,0
BRDA:24,534,0,0
BRDA:24,534,1,0
BRDA:24,535,0,0
BRDA:24,535,1,0
BRDA:24,536,0,0
BRDA:24,536,1,0
BRDA:24,537,0,0
BRDA:24,537,1,0
BRDA:24,538,0,0
BRDA:24,538,1,0
BRDA:24,539,0,0
BRDA:24,539,1,0
BRDA:24,540,0,0
BRDA:24,540,1,0
BRDA:24,541,0,0
BRDA:24,541,1,0
BRDA:24,542,0,0
BRDA:24,542,1,0
BRDA:24,543,0,0
BRDA:24,543,1,0
BRDA:24,543,2,0
BRDA:24,543,3,0
BRDA:24,544,0,0
BRDA:24,544,1,0
BRDA:24,545,0,0
BRDA:24,545,1,0
BRDA:24,545,2,0
BRDA:24,546,0,0
BRDA:24,546,1,0
BRDA:24,547,0,0
BRDA:24,547,1,0
BRDA:24,548,0,0
BRDA:24,548,1,0
BRDA:24,549,0,0
BRDA:24,549,1,0
BRDA:24,550,0,0
BRDA:24,550,1,0
BRDA:24,551,0,0
BRDA:24,551,1,0
BRDA:24,552,0,0
BRDA:24,552,1,0
BRDA:24,553,0,0
BRDA:24,553,1,0
BRDA:24,554,0,0
BRDA:24,554,1,0
BRDA:24,555,0,0
BRDA:24,555,1,0
BRDA:24,556,0,0
BRDA:24,556,1,0
BRDA:24,557,0,0
BRDA:24,557,1,0
BRDA:24,558,0,0
BRDA:24,558,1,0
BRDA:24,559,0,0
BRDA:24,559,1,0
BRDA:24,560,0,0
BRDA:24,560,1,0
BRDA:24,561,0,0
BRDA:24,561,1,0
BRDA:24,562,0,0
BRDA:24,562,1,0
BRDA:24,563,0,0
BRDA:24,563,1,0
BRDA:24,564,0,0
BRDA:24,564,1,0
BRDA:24,565,0,0
BRDA:24,565,1,0
BRDA:24,566,0,0
BRDA:24,566,1,0
BRDA:24,567,0,0
BRDA:24,567,1,0
BRDA:24,567,2,0
BRDA:24,567,3,0
BRDA:24,568,0,0
BRDA:24,568,1,0
BRDA:24,569,0,0
BRDA:24,569,1,0
BRDA:24,569,2,0
BRDA:24,570,0,0
BRDA:24,570,1,0
BRDA:24,571,0,0
BRDA:24,571,1,0
BRDA:24,572,0,0
BRDA:24,572,1,0
BRDA:24,573,0,0
BRDA:24,573,1,0
BRDA:24,574,0,0
BRDA:24,574,1,0
BRDA:24,574,2,0
BRDA:24,575,0,0
BRDA:24,575,1,0
BRDA:24,576,0,0
BRDA:24,576,1,0
BRDA:24,576,2,0
BRDA:24,576,3,0
BRDA:24,577,0,0
BRDA:24,577,1,0
BRDA:24,578,0,0
BRDA:24,578,1,0
BRDA:24,579,0,0
BRDA:24,579,1,0
BRDA:24,580,0,0
BRDA:24,580,1,0
BRDA:24,581,0,0
BRDA:24,581,1,0
BRDA:24,582,0,0
BRDA:24,582,1,0
BRDA:24,583,0,0
BRDA:24,583,1,0
BRDA:24,584,0,0
BRDA:24,584,1,0
BRDA:24,585,0,0
BRDA:24,585,1,0
BRDA:24,585,2,0
BRDA:24,586,0,0
BRDA:24,586,1,0
BRDA:24,587,0,0
BRDA:24,587,1,0
BRDA:24,588,0,0
BRDA:24,588,1,0
BRDA:24,588,2,0
BRDA:24,588,3,0
BRDA:24,589,0,0
BRDA:24,589,1,0
BRDA:24,590,0,0
BRDA:24,590,1,0
BRDA:24,591,0,0
BRDA:24,591,1,0
BRDA:24,592,0,0
BRDA:24,592,1,0
BRDA:24,593,0,0
BRDA:24,593,1,0
BRDA:24,594,0,0
BRDA:24,594,1,0
BRDA:24,594,2,0
BRDA:24,594,3,0
BRDA:24,595,0,0
BRDA:24,595,1,0
BRDA:24,596,0,0
BRDA:24,596,1,0
BRDA:24,596,2,0
BRDA:24,596,3,0
BRDA:24,596,4,0
BRDA:24,596,5,0
BRDA:24,596,6,0
BRDA:24,597,0,0
BRDA:24,597,1,0
BRDA:24,598,0,0
BRDA:24,598,1,0
BRDA:24,599,0,0
BRDA:24,599,1,0
BRDA:24,600,0,0
BRDA:24,600,1,0
BRDA:24,601,0,0
BRDA:24,601,1,0
BRDA:24,602,0,0
BRDA:24,602,1,0
BRDA:24,603,0,0
BRDA:24,603,1,0
BRDA:24,604,0,0
BRDA:24,604,1,0
BRDA:24,605,0,0
BRDA:24,605,1,0
BRDA:24,606,0,0
BRDA:24,606,1,0
BRDA:24,607,0,0
BRDA:24,607,1,0
BRDA:24,608,0,0
BRDA:24,608,1,0
BRDA:24,609,0,0
BRDA:24,609,1,0
BRDA:24,610,0,0
BRDA:24,610,1,0
BRDA:24,611,0,0
BRDA:24,611,1,0
BRDA:24,612,0,0
BRDA:24,612,1,0
BRDA:24,613,0,0
BRDA:24,613,1,0
BRDA:24,614,0,0
BRDA:24,614,1,0
BRDA:24,615,0,0
BRDA:24,615,1,0
BRDA:24,616,0,0
BRDA:24,616,1,0
BRDA:24,617,0,0
BRDA:24,617,1,0
BRDA:24,618,0,0
BRDA:24,618,1,0
BRDA:24,619,0,0
BRDA:24,619,1,0
BRDA:24,620,0,0
BRDA:24,620,1,0
BRDA:24,621,0,0
BRDA:24,621,1,0
BRDA:24,622,0,0
BRDA:24,622,1,0
BRDA:24,623,0,0
BRDA:24,623,1,0
BRDA:24,624,0,0
BRDA:24,624,1,0
BRDA:24,625,0,0
BRDA:24,625,1,0
BRDA:24,626,0,0
BRDA:24,626,1,0
BRDA:24,627,0,0
BRDA:24,627,1,0
BRDA:24,628,0,0
BRDA:24,628,1,0
BRDA:24,629,0,0
BRDA:24,629,1,0
BRDA:24,630,0,0
BRDA:24,630,1,0
BRDA:24,630,2,0
BRDA:24,630,3,0
BRDA:24,631,0,0
BRDA:24,631,1,0
BRDA:24,632,0,0
BRDA:24,632,1,0
BRDA:24,633,0,0
BRDA:24,633,1,0
BRDA:24,634,0,0
BRDA:24,634,1,0
BRDA:24,635,0,0
BRDA:24,635,1,0
BRDA:24,636,0,0
BRDA:24,636,1,0
BRDA:24,637,0,0
BRDA:24,637,1,0
BRDA:24,638,0,0
BRDA:24,638,1,0
BRDA:24,639,0,0
BRDA:24,639,1,0
BRDA:24,640,0,0
BRDA:24,640,1,0
BRDA:24,641,0,0
BRDA:24,641,1,0
BRDA:24,641,2,0
BRDA:24,642,0,0
BRDA:24,642,1,0
BRDA:24,643,0,0
BRDA:24,643,1,0
BRDA:24,644,0,0
BRDA:24,644,1,0
BRDA:24,645,0,0
BRDA:24,645,1,0
BRDA:24,646,0,0
BRDA:24,646,1,0
BRDA:24,647,0,0
BRDA:24,647,1,0
BRDA:24,648,0,0
BRDA:24,648,1,0
BRDA:24,649,0,0
BRDA:24,649,1,0
BRDA:24,650,0,0
BRDA:24,650,1,0
BRDA:24,651,0,0
BRDA:24,651,1,0
BRDA:24,652,0,0
BRDA:24,652,1,0
BRDA:24,653,0,0
BRDA:24,653,1,0
BRDA:24,654,0,0
BRDA:24,654,1,0
BRDA:24,655,0,0
BRDA:24,655,1,0
BRDA:24,656,0,0
BRDA:24,656,1,0
BRDA:24,657,0,0
BRDA:24,657,1,0
BRDA:24,658,0,0
BRDA:24,658,1,0
BRDA:24,659,0,0
BRDA:24,659,1,0
BRDA:24,660,0,0
BRDA:24,660,1,0
BRDA:24,661,0,0
BRDA:24,661,1,0
BRDA:24,662,0,0
BRDA:24,662,1,0
BRDA:24,663,0,0
BRDA:24,663,1,0
BRDA:24,664,0,0
BRDA:24,664,1,0
BRDA:24,665,0,0
BRDA:24,665,1,0
BRDA:24,666,0,0
BRDA:24,666,1,0
BRDA:24,667,0,0
BRDA:24,667,1,0
BRDA:24,668,0,0
BRDA:24,668,1,0
BRDA:24,668,2,0
BRDA:24,669,0,0
BRDA:24,669,1,0
BRDA:24,670,0,0
BRDA:24,670,1,0
BRDA:24,671,0,0
BRDA:24,671,1,0
BRDA:24,672,0,0
BRDA:24,672,1,0
BRDA:24,673,0,0
BRDA:24,673,1,0
BRDA:24,674,0,0
BRDA:24,674,1,0
BRDA:24,674,2,0
BRDA:24,674,3,0
BRDA:24,674,4,0
BRDA:24,674,5,0
BRDA:24,675,0,0
BRDA:24,675,1,0
BRDA:24,675,2,0
BRDA:24,675,3,0
BRDA:24,675,4,0
BRDA:24,675,5,0
BRDA:24,675,6,0
BRDA:24,675,7,0
BRDA:24,676,0,0
BRDA:24,676,1,0
BRDA:24,677,0,0
BRDA:24,677,1,0
BRDA:24,678,0,0
BRDA:24,678,1,0
BRDA:24,679,0,0
BRDA:24,679,1,0
BRDA:24,680,0,0
BRDA:24,680,1,0
BRDA:24,680,2,0
BRDA:24,680,3,0
BRDA:24,680,4,0
BRDA:24,680,5,0
BRDA:24,681,0,0
BRDA:24,681,1,0
BRDA:24,681,2,0
BRDA:24,681,3,0
BRDA:24,681,4,0
BRDA:24,681,5,0
BRDA:24,681,6,0
BRDA:24,682,0,0
BRDA:24,682,1,0
BRDA:24,683,0,0
BRDA:24,683,1,0
BRDA:24,684,0,0
BRDA:24,684,1,0
BRDA:24,685,0,0
BRDA:24,685,1,0
BRDA:24,686,0,0
BRDA:24,686,1,0
BRDA:24,687,0,0
BRDA:24,687,1,0
BRDA:24,688,0,0
BRDA:24,688,1,0
BRDA:24,689,0,0
BRDA:24,689,1,0
BRDA:24,690,0,0
BRDA:24,690,1,0
BRDA:24,691,0,0
BRDA:24,691,1,0
BRDA:24,692,0,0
BRDA:24,692,1,0
BRDA:24,693,0,0
BRDA:24,693,1,0
BRDA:24,694,0,0
BRDA:24,694,1,0
BRDA:24,695,0,0
BRDA:24,695,1,0
BRDA:24,695,2,0
BRDA:24,695,3,0
BRDA:24,696,0,0
BRDA:24,696,1,0
BRDA:24,697,0,0
BRDA:24,697,1,0
BRDA:24,697,2,0
BRDA:24,698,0,0
BRDA:24,698,1,0
BRDA:24,699,0,0
BRDA:24,699,1,0
BRDA:24,700,0,0
BRDA:24,700,1,0
BRDA:24,701,0,0
BRDA:24,701,1,0
BRDA:24,701,2,0
BRDA:24,702,0,0
BRDA:24,702,1,0
BRDA:24,703,0,0
BRDA:24,703,1,0
BRDA:24,704,0,0
BRDA:24,704,1,0
BRDA:24,705,0,0
BRDA:24,705,1,0
BRDA:24,706,0,0
BRDA:24,706,1,0
BRDA:24,707,0,0
BRDA:24,707,1,0
BRDA:24,708,0,0
BRDA:24,708,1,0
BRDA:24,709,0,0
BRDA:24,709,1,0
BRDA:24,710,0,0
BRDA:24,710,1,0
BRDA:24,710,2,0
BRDA:24,711,0,0
BRDA:24,711,1,0
BRDA:24,712,0,0
BRDA:24,712,1,0
BRDA:24,713,0,0
BRDA:24,713,1,0
BRDA:24,714,0,0
BRDA:24,714,1,0
BRDA:24,715,0,0
BRDA:24,715,1,0
BRDA:24,716,0,0
BRDA:24,716,1,0
BRDA:24,717,0,0
BRDA:24,717,1,0
BRDA:24,718,0,0
BRDA:24,718,1,0
BRDA:24,719,0,0
BRDA:24,719,1,0
BRDA:24,720,0,0
BRDA:24,720,1,0
BRDA:24,721,0,0
BRDA:24,721,1,0
BRDA:24,722,0,0
BRDA:24,722,1,0
BRDA:24,723,0,0
BRDA:24,723,1,0
BRDA:24,724,0,0
BRDA:24,724,1,0
BRDA:24,725,0,0
BRDA:24,725,1,0
BRDA:24,726,0,0
BRDA:24,726,1,0
BRDA:24,727,0,0
BRDA:24,727,1,0
BRDA:24,728,0,0
BRDA:24,728,1,0
BRDA:24,729,0,0
BRDA:24,729,1,0
BRDA:24,730,0,0
BRDA:24,730,1,0
BRDA:24,731,0,0
BRDA:24,731,1,0
BRDA:24,731,2,0
BRDA:24,732,0,0
BRDA:24,732,1,0
BRDA:24,733,0,0
BRDA:24,733,1,0
BRDA:24,734,0,0
BRDA:24,734,1,0
BRDA:24,735,0,0
BRDA:24,735,1,0
BRDA:24,736,0,0
BRDA:24,736,1,0
BRDA:24,737,0,0
BRDA:24,737,1,0
BRDA:24,738,0,0
BRDA:24,738,1,0
BRDA:24,739,0,0
BRDA:24,739,1,0
BRDA:24,740,0,0
BRDA:24,740,1,0
BRDA:24,741,0,0
BRDA:24,741,1,0
BRDA:24,742,0,0
BRDA:24,742,1,0
BRDA:24,742,2,0
BRDA:24,742,3,0
BRDA:24,743,0,0
BRDA:24,743,1,0
BRDA:24,744,0,0
BRDA:24,744,1,0
BRDA:24,745,0,0
BRDA:24,745,1,0
BRDA:24,745,2,0
BRDA:24,745,3,0
BRDA:24,746,0,0
BRDA:24,746,1,0
BRDA:24,747,0,0
BRDA:24,747,1,0
BRDA:24,747,2,0
BRDA:24,747,3,0
BRDA:24,747,4,0
BRDA:24,747,5,0
BRDA:24,747,6,0
BRDA:24,748,0,0
BRDA:24,748,1,0
BRDA:24,749,0,0
BRDA:24,749,1,0
BRDA:24,750,0,0
BRDA:24,750,1,0
BRDA:24,751,0,0
BRDA:24,751,1,0
BRDA:24,752,0,0
BRDA:24,752,1,0
BRDA:24,753,0,0
BRDA:24,753,1,0
BRDA:24,754,0,0
BRDA:24,754,1,0
BRDA:24,755,0,0
BRDA:24,755,1,0
BRDA:24,756,0,0
BRDA:24,756,1,0
BRDA:24,757,0,0
BRDA:24,757,1,0
BRDA:24,758,0,0
BRDA:24,758,1,0
BRDA:24,759,0,0
BRDA:24,759,1,0
BRDA:24,760,0,0
BRDA:24,760,1,0
BRDA:24,761,0,0
BRDA:24,761,1,0
BRDA:24,762,0,0
BRDA:24,762,1,0
BRDA:24,763,0,0
BRDA:24,763,1,0
BRDA:24,764,0,0
BRDA:24,764,1,0
BRDA:24,765,0,0
BRDA:24,765,1,0
BRDA:24,766,0,0
BRDA:24,766,1,0
BRDA:24,767,0,0
BRDA:24,767,1,0
BRDA:24,768,0,0
BRDA:24,768,1,0
BRDA:24,769,0,0
BRDA:24,769,1,0
BRDA:24,770,0,0
BRDA:24,770,1,0
BRDA:24,771,0,0
BRDA:24,771,1,0
BRDA:24,771,2,0
BRDA:24,772,0,0
BRDA:24,772,1,0
BRDA:24,773,0,0
BRDA:24,773,1,0
BRDA:24,773,2,0
BRDA:24,774,0,0
BRDA:24,774,1,0
BRDA:24,775,0,0
BRDA:24,775,1,0
BRDA:24,775,2,0
BRDA:24,776,0,0
BRDA:24,776,1,0
BRDA:24,777,0,0
BRDA:24,777,1,0
BRDA:24,778,0,0
BRDA:24,778,1,0
BRDA:24,779,0,0
BRDA:24,779,1,0
BRDA:24,780,0,0
BRDA:24,780,1,0
BRDA:24,781,0,0
BRDA:24,781,1,0
BRDA:24,782,0,0
BRDA:24,782,1,0
BRDA:24,783,0,0
BRDA:24,783,1,0
BRDA:24,784,0,0
BRDA:24,784,1,0
BRDA:24,784,2,0
BRDA:24,785,0,0
BRDA:24,785,1,0
BRDA:24,786,0,0
BRDA:24,786,1,0
BRDA:24,786,2,0
BRDA:24,786,3,0
BRDA:24,787,0,0
BRDA:24,787,1,0
BRDA:24,788,0,0
BRDA:24,788,1,0
BRDA:24,788,2,0
BRDA:24,789,0,0
BRDA:24,789,1,0
BRDA:24,790,0,0
BRDA:24,790,1,0
BRDA:24,791,0,0
BRDA:24,791,1,0
BRDA:24,792,0,0
BRDA:24,792,1,0
BRDA:24,793,0,0
BRDA:24,793,1,0
BRDA:24,794,0,0
BRDA:24,794,1,0
BRDA:24,795,0,0
BRDA:24,795,1,0
BRDA:24,796,0,0
BRDA:24,796,1,0
BRDA:24,797,0,0
BRDA:24,797,1,0
BRDA:24,798,0,0
BRDA:24,798,1,0
BRDA:24,799,0,0
BRDA:24,799,1,0
BRDA:24,800,0,0
BRDA:24,800,1,0
BRDA:24,800,2,0
BRDA:24,800,3,0
BRDA:24,800,4,0
BRDA:24,800,5,0
BRDA:24,801,0,0
BRDA:24,801,1,0
BRDA:24,802,0,0
BRDA:24,802,1,0
BRDA:24,803,0,0
BRDA:24,803,1,0
BRDA:24,804,0,0
BRDA:24,804,1,0
BRDA:24,805,0,0
BRDA:24,805,1,0
BRDA:24,806,0,0
BRDA:24,806,1,0
BRDA:24,807,0,0
BRDA:24,807,1,0
BRDA:24,807,2,0
BRDA:24,807,3,0
BRDA:24,808,0,0
BRDA:24,808,1,0
BRDA:24,809,0,0
BRDA:24,809,1,0
BRDA:24,810,0,0
BRDA:24,810,1,0
BRDA:24,811,0,0
BRDA:24,811,1,0
BRDA:24,812,0,0
BRDA:24,812,1,0
BRDA:24,813,0,0
BRDA:24,813,1,0
BRDA:24,814,0,2
BRDA:24,814,1,2
BRDA:24,815,0,0
BRDA:24,815,1,2
BRDA:24,816,0,0
BRDA:24,816,1,0
BRDA:24,817,0,2
[...]
BRDA:34,1395,0,0
BRDA:34,1395,1,0
BRDA:34,1396,0,0
BRDA:34,1396,1,0
BRDA:34,1396,2,0
BRDA:34,1397,0,0
BRDA:34,1397,1,0
BRDA:34,1398,0,0
BRDA:34,1398,1,0
BRDA:34,1399,0,0
BRDA:34,1399,1,0
BRDA:34,1399,2,0
BRDA:34,1399,3,0
BRDA:34,1400,0,0
BRDA:34,1400,1,0
BRDA:34,1401,0,0
BRDA:34,1401,1,0
BRDA:34,1402,0,0
BRDA:34,1402,1,0
BRDA:34,1403,0,0
BRDA:34,1403,1,0
BRDA:34,1404,0,0
BRDA:34,1404,1,0
BRDA:34,1405,0,0
BRDA:34,1405,1,0
BRDA:34,1406,0,0
BRDA:34,1406,1,0
BRDA:34,1406,2,0
BRDA:34,1406,3,0
BRDA:34,1407,0,0
BRDA:34,1407,1,0
BRDA:34,1408,0,0
BRDA:34,1408,1,0
BRDA:34,1409,0,0
BRDA:34,1409,1,0
BRDA:34,1410,0,0
BRDA:34,1410,1,0
BRDA:34,1411,0,0
BRDA:34,1411,1,0
BRDA:34,1412,0,0
BRDA:34,1412,1,0
BRDA:34,1413,0,0
BRDA:34,1414,0,0
BRDA:34,1414,1,0
BRDA:34,1414,2,0
BRDA:34,1415,0,0
BRDA:34,1415,1,0
BRDA:34,1416,0,0
BRDA:34,1416,1,0
BRDA:34,1417,0,0
BRDA:34,1417,1,0
BRDA:34,1418,0,0
BRDA:34,1418,1,0
BRDA:34,1419,0,0
BRDA:34,1420,0,0
BRDA:34,1420,1,1
BRDA:34,1421,0,1
BRDA:34,1421,1,0
BRDA:34,1422,0,0
BRDA:34,1422,1,0
BRDA:34,1423,0,0
BRDA:34,1423,1,0
BRDA:34,1424,0,0
BRDA:34,1424,1,0
BRDA:34,1425,0,0
BRDA:34,1425,1,0
BRDA:34,1426,0,0
BRDA:34,1426,1,0
BRDA:34,1427,0,0
BRDA:34,1428,0,0
BRDA:34,1429,0,0
BRDA:34,1430,0,0
BRDA:34,1430,1,1
BRDA:34,1431,0,1
BRDA:34,1431,1,0
BRDA:34,1431,2,0
BRDA:36,1432,0,1
BRDA:36,1432,1,0
BRDA:36,1433,0,0
BRDA:36,1433,1,1
BRDA:36,1434,0,0
BRDA:36,1434,1,1
BRDA:36,1435,0,0
BRDA:36,1435,1,0
BRDA:36,1436,0,0
BRDA:36,1436,1,0
BRDA:36,1437,0,0
BRDA:36,1437,1,0
BRDA:36,1438,0,0
BRDA:36,1438,1,0
BRDA:46,1439,0,0
BRDA:46,1439,1,0
BRDA:57,1440,0,0
BRDA:57,1440,1,0
BRDA:67,1441,0,1
BRDA:67,1441,1,1
BRDA:67,1442,0,0
BRDA:67,1442,1,1
BRDA:67,1443,0,1
BRDA:67,1443,1,0
BRDA:67,1444,0,1
BRDA:67,1444,1,1
BRDA:67,1444,2,0
BRDA:67,1445,0,0
BRDA:67,1445,1,0
BRDA:67,1446,0,0
BRDA:67,1446,1,0
BRDA:67,1447,0,0
BRDA:67,1447,1,0
BRDA:67,1448,0,0
BRDA:67,1448,1,0
BRDA:67,1449,0,0
BRDA:67,1449,1,0
BRDA:67,1450,0,1
BRDA:67,1450,1,0
BRDA:67,1451,0,1
BRDA:67,1451,1,0
BRDA:67,1452,0,1
BRDA:67,1452,1,0
BRDA:67,1453,0,1
BRDA:67,1453,1,0
BRDA:67,1454,0,0
BRDA:67,1454,1,0
BRDA:67,1455,0,0
BRDA:67,1455,1,0
BRDA:69,1456,0,0
BRDA:69,1457,0,0
BRDA:69,1458,0,0
BRDA:69,1459,0,0
BRDA:69,1459,1,0
BRDA:69,1460,0,0
BRDA:69,1460,1,0
BRDA:102,1461,0,0
BRDA:102,1461,1,0
BRDA:113,1462,0,0
BRDA:113,1462,1,1
BRDA:113,1463,0,0
BRDA:113,1463,1,1
BRDA:113,1464,0,0
BRDA:113,1464,1,1
BRDA:113,1465,0,0
BRDA:113,1465,1,1
BRDA:113,1466,0,1
BRDA:113,1466,1,1
BRDA:113,1467,0,1
BRDA:113,1467,1,1
BRDA:113,1468,0,0
BRDA:113,1468,1,1
BRDA:113,1469,0,0
BRDA:113,1469,1,0
BRDA:113,1470,0,0
BRDA:113,1470,1,0
BRDA:113,1471,0,0
BRDA:113,1471,1,0
BRDA:113,1472,0,0
BRDA:113,1472,1,0
BRDA:113,1473,0,0
BRDA:113,1473,1,0
BRDA:113,1474,0,0
BRDA:113,1474,1,0
BRDA:113,1475,0,0
BRDA:113,1475,1,0
BRDA:113,1476,0,0
BRDA:113,1477,0,0
BRDA:113,1477,1,0
BRDA:113,1478,0,0
BRDA:113,1478,1,0
BRDA:113,1479,0,0
BRDA:113,1479,1,0
BRDA:113,1480,0,0
BRDA:113,1480,1,0
BRDA:113,1481,0,0
BRDA:113,1481,1,0
BRDA:113,1482,0,0
BRDA:113,1482,1,0
BRDA:113,1483,0,0
BRDA:113,1483,1,0
BRDA:113,1484,0,0
BRDA:113,1484,1,0
BRDA:113,1485,0,0
BRDA:113,1485,1,0
BRDA:113,1486,0,0
BRDA:113,1486,1,0
BRDA:113,1487,0,0
BRDA:113,1488,0,0
BRDA:113,1489,0,0
BRDA:113,1490,0,0
BRDA:113,1491,0,0
BRDA:113,1491,1,0
BRDA:113,1492,0,0
BRDA:113,1493,0,0
BRDA:113,1494,0,0
BRDA:113,1494,1,0
BRDA:113,1495,0,0
BRDA:113,1495,1,0
BRDA:113,1496,0,0
BRDA:113,1496,1,0
BRDA:113,1497,0,0
BRDA:113,1497,1,0
BRDA:113,1498,0,0
BRDA:113,1498,1,0
BRDA:113,1499,0,0
BRDA:113,1499,1,0
BRDA:113,1499,2,0
BRDA:113,1500,0,0
BRDA:113,1500,1,0
BRDA:113,1501,0,0
BRDA:113,1501,1,0
BRDA:113,1501,2,0
BRDA:113,1502,0,0
BRDA:113,1502,1,0
BRDA:113,1503,0,0
BRDA:113,1503,1,0
BRDA:113,1504,0,0
BRDA:113,1504,1,0
BRDA:113,1505,0,0
BRDA:113,1505,1,0
BRDA:113,1506,0,0
BRDA:113,1506,1,0
BRDA:113,1507,0,0
BRDA:113,1507,1,0
BRDA:113,1508,0,0
BRDA:113,1508,1,0
BRDA:113,1509,0,0
BRDA:113,1509,1,0
BRDA:113,1510,0,0
BRDA:113,1510,1,0
BRDA:113,1511,0,0
BRDA:113,1511,1,0
BRDA:113,1512,0,0
BRDA:113,1512,1,0
BRDA:113,1513,0,0
BRDA:113,1513,1,0
BRDA:113,1514,0,0
BRDA:113,1514,1,0
BRDA:113,1515,0,0
BRDA:113,1515,1,0
BRDA:113,1516,0,0
BRDA:113,1516,1,0
BRDA:113,1517,0,0
BRDA:113,1517,1,0
BRDA:113,1518,0,0
BRDA:113,1518,1,0
BRDA:113,1519,0,0
BRDA:113,1519,1,0
BRDA:113,1520,0,0
BRDA:113,1520,1,0
BRDA:113,1521,0,0
BRDA:113,1521,1,0
BRDA:113,1522,0,0
BRDA:113,1522,1,0
BRDA:113,1523,0,0
BRDA:113,1523,1,0
BRDA:113,1524,0,0
BRDA:113,1524,1,0
BRDA:113,1525,0,0
BRDA:113,1525,1,0
BRDA:113,1526,0,0
BRDA:113,1526,1,0
BRDA:113,1527,0,0
BRDA:113,1527,1,0
BRDA:114,1528,0,0
BRDA:114,1529,0,0
BRDA:114,1529,1,0
BRDA:114,1530,0,0
BRDA:114,1530,1,0
BRDA:114,1531,0,0
BRDA:114,1531,1,0
BRDA:114,1532,0,0
BRDA:114,1532,1,0
BRDA:114,1533,0,0
BRDA:114,1533,1,0
BRDA:114,1534,0,0
BRDA:114,1534,1,0
BRDA:114,1535,0,0
BRDA:114,1535,1,0
BRDA:114,1535,2,0
BRDA:114,1536,0,0
BRDA:114,1536,1,0
BRDA:114,1537,0,0
BRDA:114,1537,1,0
BRDA:114,1538,0,0
BRDA:114,1538,1,0
BRDA:114,1539,0,0
BRDA:114,1539,1,0
BRDA:114,1540,0,0
BRDA:114,1540,1,0
BRDA:114,1540,2,0
BRDA:114,1541,0,0
BRDA:114,1541,1,0
BRDA:114,1542,0,0
BRDA:114,1542,1,0
BRDA:114,1543,0,0
BRDA:114,1543,1,0
BRDA:114,1544,0,0
BRDA:114,1544,1,0
BRDA:114,1545,0,0
BRDA:114,1545,1,0
BRDA:114,1546,0,0
BRDA:114,1546,1,0
BRDA:114,1547,0,0
BRDA:114,1547,1,0
BRDA:114,1547,2,0
BRDA:114,1547,3,0
BRDA:114,1547,4,0
BRDA:114,1547,5,0
BRDA:114,1547,6,0
BRDA:114,1548,0,0
BRDA:114,1548,1,0
BRDA:114,1549,0,0
BRDA:114,1549,1,0
BRDA:114,1550,0,0
BRDA:114,1550,1,0
BRDA:114,1551,0,0
BRDA:114,1551,1,0
BRDA:114,1552,0,0
BRDA:114,1552,1,0
BRDA:114,1553,0,0
BRDA:114,1553,1,0
BRDA:114,1554,0,0
BRDA:114,1554,1,0
BRDA:114,1555,0,0
BRDA:114,1555,1,0
BRDA:114,1556,0,0
BRDA:114,1556,1,0
BRDA:114,1557,0,0
BRDA:114,1557,1,0
BRDA:114,1558,0,0
BRDA:114,1558,1,0
BRDA:114,1559,0,0
BRDA:114,1559,1,0
BRDA:114,1560,0,0
BRDA:114,1560,1,0
BRDA:114,1561,0,0
BRDA:114,1561,1,0
BRDA:114,1562,0,0
BRDA:114,1562,1,0
BRDA:114,1563,0,0
BRDA:114,1563,1,0
BRDA:114,1564,0,0
BRDA:114,1564,1,0
BRDA:114,1565,0,0
BRDA:114,1565,1,0
BRDA:114,1566,0,0
BRDA:114,1566,1,0
BRDA:114,1567,0,0
BRDA:114,1567,1,0
BRDA:114,1568,0,0
BRDA:114,1568,1,0
BRDA:114,1569,0,0
BRDA:114,1569,1,0
BRDA:114,1570,0,0
BRDA:114,1570,1,0
BRDA:114,1571,0,0
BRDA:114,1571,1,0
BRDA:114,1572,0,0
BRDA:114,1572,1,0
BRDA:114,1573,0,0
BRDA:114,1573,1,0
BRDA:114,1574,0,0
BRDA:114,1574,1,0
BRDA:114,1575,0,1
BRDA:114,1575,1,1
BRDA:114,1576,0,0
BRDA:114,1576,1,1
BRDA:114,1577,0,1
BRDA:114,1577,1,1
BRDA:114,1578,0,0
BRDA:114,1578,1,0
BRDA:114,1579,0,0
BRDA:114,1579,1,0
BRDA:114,1580,0,0
BRDA:114,1580,1,0
BRDA:114,1581,0,0
BRDA:114,1581,1,0
BRDA:114,1582,0,0
BRDA:114,1582,1,0
BRDA:114,1583,0,0
BRDA:114,1583,1,0
BRDA:114,1584,0,0
BRDA:114,1584,1,0
BRDA:114,1585,0,2
BRDA:114,1585,1,0
BRDA:114,1586,0,1
BRDA:114,1586,1,1
BRDA:114,1587,0,1
BRDA:114,1587,1,0
BRDA:114,1588,0,0
BRDA:114,1588,1,0
BRDA:114,1589,0,1
BRDA:114,1589,1,1
BRDA:114,1590,0,1
BRDA:114,1590,1,1
BRDA:114,1591,0,1
BRDA:114,1591,1,0
BRDA:114,1592,0,1
BRDA:114,1592,1,0
BRDA:114,1592,2,0
BRDA:114,1593,0,0
BRDA:114,1593,1,2
BRDA:114,1594,0,0
BRDA:114,1594,1,0
BRDA:114,1595,0,0
BRDA:114,1595,1,0
BRDA:114,1596,0,0
BRDA:114,1596,1,0
BRDA:114,1597,0,0
BRDA:114,1597,1,0
BRDA:114,1598,0,0
BRDA:114,1598,1,0
BRDA:114,1599,0,0
BRDA:114,1599,1,0
BRDA:114,1600,0,0
BRDA:114,1600,1,0
BRDA:114,1601,0,0
BRDA:114,1601,1,1
BRDA:114,1602,0,0
BRDA:114,1602,1,1
BRDA:114,1603,0,0
BRDA:114,1603,1,1
BRDA:115,1604,0,0
BRDA:115,1604,1,1
BRDA:115,1605,0,1
BRDA:115,1605,1,0
BRDA:115,1606,0,1
BRDA:115,1606,1,1
BRDA:115,1607,0,1
BRDA:115,1607,1,1
BRDA:115,1608,0,1
BRDA:115,1608,1,0
BRDA:115,1609,0,1
BRDA:115,1609,1,1
BRDA:115,1610,0,1
BRDA:115,1610,1,1
BRDA:115,1611,0,0
BRDA:115,1611,1,0
BRDA:115,1612,0,0
BRDA:115,1612,1,0
BRDA:115,1613,0,0
BRDA:115,1613,1,0
BRDA:115,1614,0,0
BRDA:115,1614,1,0
BRDA:115,1615,0,0
BRDA:115,1615,1,0
BRDA:115,1616,0,0
BRDA:115,1616,1,1
BRDA:115,1617,0,1
BRDA:115,1617,1,0
BRDA:115,1618,0,0
BRDA:115,1618,1,1
BRDA:115,1619,0,1
BRDA:115,1619,1,1
BRDA:115,1620,0,0
BRDA:115,1620,1,0
BRDA:115,1621,0,0
BRDA:115,1621,1,0
BRDA:115,1622,0,0
BRDA:115,1622,1,0
BRDA:115,1623,0,0
BRDA:115,1623,1,0
BRDA:115,1624,0,1
BRDA:115,1624,1,0
BRDA:115,1625,0,0
BRDA:115,1625,1,1
BRDA:115,1626,0,0
BRDA:115,1626,1,0
BRDA:115,1627,0,0
BRDA:115,1627,1,1
BRDA:115,1628,0,0
BRDA:115,1628,1,0
BRDA:115,1629,0,0
BRDA:115,1629,1,0
BRDA:115,1630,0,0
BRDA:115,1630,1,0
BRDA:115,1631,0,0
BRDA:115,1631,1,0
BRDA:116,1632,0,0
BRDA:116,1632,1,0
BRDA:116,1633,0,0
BRDA:116,1633,1,0
BRDA:116,1634,0,0
BRDA:116,1634,1,0
BRDA:116,1635,0,0
BRDA:116,1635,1,0
BRDA:116,1636,0,0
BRDA:116,1636,1,0
BRDA:116,1637,0,0
BRDA:116,1637,1,0
BRDA:116,1638,0,0
BRDA:116,1638,1,0
BRDA:116,1639,0,0
BRDA:116,1639,1,0
BRDA:116,1640,0,0
BRDA:116,1640,1,0
BRDA:116,1641,0,0
BRDA:116,1641,1,0
BRDA:116,1642,0,0
BRDA:116,1642,1,0
BRDA:116,1643,0,0
BRDA:116,1643,1,0
BRDA:116,1644,0,0
BRDA:116,1644,1,0
BRDA:116,1645,0,0
BRDA:116,1645,1,0
BRDA:116,1645,2,0
BRDA:117,1646,0,1
BRDA:117,1646,1,1
BRDA:117,1647,0,1
BRDA:117,1647,1,1
BRDA:117,1647,2,1
BRDA:117,1647,3,0
BRDA:117,1648,0,1
BRDA:117,1648,1,1
BRDA:117,1649,0,1
BRDA:117,1649,1,0
BRDA:117,1649,2,0
BRDA:117,1649,3,0
BRDA:117,1650,0,0
BRDA:117,1650,1,0
BRDA:117,1651,0,0
BRDA:117,1651,1,0
BRDA:117,1652,0,0
BRDA:117,1652,1,0
BRDA:117,1653,0,0
BRDA:117,1653,1,1
BRDA:117,1654,0,0
BRDA:117,1655,0,0
BRDA:117,1655,1,1
BRDA:117,1656,0,1
BRDA:117,1656,1,1
BRDA:117,1656,2,0
BRDA:117,1657,0,0
BRDA:117,1657,1,1
BRDA:117,1658,0,1
BRDA:117,1658,1,0
BRDA:117,1659,0,1
BRDA:117,1659,1,0
BRDA:117,1660,0,0
BRDA:117,1660,1,0
BRDA:117,1661,0,0
BRDA:117,1661,1,0
BRDA:117,1662,0,0
BRDA:117,1662,1,0
BRDA:117,1663,0,0
BRDA:117,1663,1,0
BRDA:117,1664,0,0
BRDA:117,1664,1,0
BRDA:117,1665,0,0
BRDA:117,1665,1,0
BRDA:117,1666,0,0
BRDA:117,1666,1,0
BRDA:117,1667,0,0
BRDA:117,1667,1,0
BRDA:117,1668,0,0
BRDA:117,1668,1,0
BRDA:117,1669,0,0
BRDA:117,1669,1,0
BRDA:117,1670,0,0
BRDA:117,1670,1,0
BRDA:117,1671,0,0
BRDA:117,1671,1,0
BRDA:117,1672,0,0
BRDA:117,1672,1,0
BRDA:117,1673,0,0
BRDA:117,1673,1,0
BRDA:117,1674,0,0
BRDA:117,1674,1,0
BRDA:117,1675,0,0
BRDA:117,1675,1,0
BRDA:117,1676,0,0
BRDA:117,1676,1,0
BRDA:117,1677,0,0
BRDA:117,1677,1,0
BRDA:117,1678,0,0
BRDA:117,1678,1,0
BRDA:117,1679,0,0
BRDA:117,1679,1,1
BRDA:117,1680,0,1
BRDA:117,1680,1,0
BRDA:117,1680,2,0
BRDA:117,1681,0,1
BRDA:117,1681,1,1
BRDA:124,1682,0,0
BRDA:124,1682,1,1
BRDA:124,1683,0,0
BRDA:124,1683,1,1
BRDA:124,1684,0,0
BRDA:124,1684,1,0
BRDA:124,1685,0,0
BRDA:124,1685,1,1
BRDA:124,1685,2,0
BRDA:124,1685,3,0
BRDA:124,1685,4,0
BRDA:124,1685,5,0
BRDA:124,1685,6,0
BRDA:124,1686,0,1
BRDA:124,1686,1,0
BRDA:124,1687,0,1
BRDA:124,1688,0,1
BRDA:124,1688,1,0
BRDA:124,1689,0,1
BRDA:124,1689,1,0
BRDA:124,1690,0,0
BRDA:124,1690,1,0
BRDA:124,1691,0,1
BRDA:124,1691,1,0
BRDA:124,1692,0,13
BRDA:124,1692,1,13
BRDA:124,1692,2,13
BRDA:124,1693,0,0
BRDA:124,1694,0,0
BRDA:124,1694,1,0
BRDA:124,1695,0,0
BRDA:124,1695,1,0
BRDA:124,1696,0,0
BRDA:124,1696,1,0
BRDA:124,1697,0,0
BRDA:124,1697,1,0
BRDA:124,1698,0,0
BRDA:124,1698,1,0
BRDA:124,1699,0,0
BRDA:124,1699,1,0
BRDA:124,1699,2,0
BRDA:124,1700,0,1
BRDA:124,1700,1,0
BRDA:124,1701,0,1
BRDA:124,1701,1,1
BRDA:124,1702,0,0
BRDA:124,1702,1,0
BRDA:124,1703,0,0
BRDA:124,1703,1,0
BRDA:124,1704,0,0
BRDA:124,1704,1,0
BRDA:124,1705,0,0
BRDA:124,1705,1,0
BRDA:124,1706,0,0
BRDA:124,1706,1,1
BRDA:124,1707,0,0
BRDA:124,1707,1,0
BRDA:124,1708,0,0
BRDA:124,1708,1,0
BRDA:124,1709,0,0
BRDA:124,1709,1,0
BRDA:124,1710,0,0
BRDA:124,1710,1,0
BRDA:124,1711,0,0
BRDA:124,1711,1,0
BRDA:124,1712,0,0
BRDA:124,1712,1,0
BRDA:124,1713,0,0
BRDA:124,1713,1,0
BRDA:124,1714,0,0
BRDA:124,1714,1,0
BRDA:124,1714,2,0
BRDA:124,1714,3,0
BRDA:124,1714,4,0
BRDA:124,1714,5,0
BRDA:124,1714,6,0
BRDA:124,1714,7,0
BRDA:124,1714,8,0
BRDA:124,1714,9,0
BRDA:124,1714,10,0
BRDA:124,1714,11,0
BRDA:124,1714,12,0
BRDA:124,1715,0,0
BRDA:124,1715,1,0
BRDA:124,1716,0,0
BRDA:124,1716,1,1
BRDA:124,1717,0,0
BRDA:124,1717,1,1
BRDA:124,1718,0,0
BRDA:124,1718,1,0
BRDA:124,1719,0,0
BRDA:124,1719,1,0
BRDA:124,1720,0,0
BRDA:124,1720,1,1
BRDA:124,1721,0,0
BRDA:124,1721,1,0
BRDA:124,1722,0,0
BRDA:124,1722,1,0
BRDA:124,1723,0,0
BRDA:124,1723,1,0
BRDA:124,1724,0,0
BRDA:124,1724,1,0
BRDA:124,1725,0,0
BRDA:124,1725,1,0
BRDA:124,1726,0,0
BRDA:124,1726,1,0
BRDA:124,1727,0,0
BRDA:124,1727,1,0
BRDA:124,1728,0,0
BRDA:124,1728,1,0
BRDA:124,1729,0,0
BRDA:124,1729,1,0
BRDA:124,1730,0,0
BRDA:124,1730,1,0
BRDA:124,1731,0,0
BRDA:124,1731,1,0
BRDA:124,1732,0,0
BRDA:124,1732,1,0
BRDA:124,1733,0,0
BRDA:124,1733,1,0
BRDA:124,1734,0,0
BRDA:124,1734,1,1
BRDA:124,1735,0,1
BRDA:124,1735,1,1
BRDA:124,1736,0,1
BRDA:124,1736,1,1
BRDA:124,1737,0,0
BRDA:124,1737,1,0
BRDA:124,1738,0,0
BRDA:124,1738,1,1
BRDA:124,1739,0,0
BRDA:124,1739,1,1
BRDA:124,1740,0,0
BRDA:124,1740,1,0
BRDA:124,1741,0,0
BRDA:124,1741,1,0
BRDA:124,1742,0,0
BRDA:124,1742,1,0
BRDA:124,1743,0,0
BRDA:124,1743,1,0
BRDA:124,1743,2,0
BRDA:124,1744,0,0
BRDA:124,1744,1,0
BRDA:124,1745,0,0
BRDA:124,1745,1,0
BRDA:124,1746,0,0
BRDA:124,1746,1,0
BRDA:125,1747,0,0
BRDA:125,1747,1,0
BRDA:125,1748,0,0
BRDA:125,1748,1,0
BRDA:125,1749,0,0
BRDA:125,1749,1,0
BRDA:125,1750,0,0
BRDA:125,1750,1,0
BRDA:125,1751,0,0
BRDA:125,1751,1,0
BRDA:125,1752,0,0
BRDA:125,1752,1,0
BRDA:125,1753,0,0
BRDA:125,1753,1,0
BRDA:126,1754,0,0
BRDA:126,1754,1,0
BRDA:126,1755,0,0
BRDA:126,1755,1,0
BRDA:126,1756,0,0
BRDA:126,1756,1,0
BRDA:127,1757,0,0
BRDA:127,1757,1,0
BRDA:128,1758,0,0
BRDA:128,1758,1,0
BRDA:128,1759,0,0
BRDA:128,1759,1,0
BRDA:128,1760,0,0
BRDA:128,1760,1,0
BRDA:128,1761,0,0
BRDA:128,1761,1,0
BRDA:128,1762,0,0
BRDA:128,1762,1,0
BRDA:128,1763,0,0
BRDA:128,1763,1,0
BRDA:128,1764,0,0
BRDA:128,1764,1,0
BRDA:128,1765,0,0
BRDA:128,1765,1,0
BRDA:129,1766,0,0
BRDA:129,1766,1,0
BRDA:129,1767,0,0
BRDA:129,1767,1,0
BRDA:129,1768,0,0
BRDA:129,1768,1,0
BRDA:129,1769,0,0
BRDA:129,1769,1,0
BRDA:129,1770,0,0
BRDA:129,1770,1,0
BRDA:129,1771,0,0
BRDA:129,1771,1,0
BRDA:129,1772,0,0
BRDA:129,1772,1,0
BRDA:129,1773,0,0
BRDA:129,1773,1,0
BRDA:129,1774,0,0
BRDA:129,1774,1,0
BRDA:129,1775,0,0
BRDA:129,1775,1,0
BRDA:129,1776,0,0
BRDA:129,1776,1,0
BRDA:129,1777,0,0
BRDA:129,1777,1,0
BRDA:129,1778,0,0
BRDA:129,1778,1,0
BRDA:129,1779,0,0
BRDA:129,1779,1,0
BRDA:129,1780,0,0
BRDA:129,1780,1,0
BRDA:129,1781,0,0
BRDA:129,1781,1,0
BRDA:129,1782,0,0
BRDA:129,1782,1,0
BRDA:129,1783,0,0
BRDA:129,1783,1,0
BRDA:129,1784,0,0
BRDA:129,1784,1,0
BRDA:129,1785,0,0
BRDA:129,1785,1,0
BRDA:129,1786,0,0
BRDA:129,1786,1,0
BRDA:129,1787,0,0
BRDA:129,1787,1,0
BRDA:129,1788,0,0
BRDA:129,1788,1,0
BRDA:129,1789,0,0
BRDA:129,1789,1,0
BRDA:129,1790,0,0
BRDA:129,1790,1,0
BRDA:129,1791,0,0
BRDA:129,1791,1,0
BRDA:129,1792,0,0
BRDA:129,1792,1,0
BRDA:129,1793,0,0
BRDA:129,1793,1,0
BRDA:129,1794,0,0
BRDA:129,1794,1,0
BRDA:129,1795,0,0
BRDA:129,1795,1,0
BRDA:129,1796,0,0
BRDA:129,1796,1,0
BRDA:129,1797,0,0
BRDA:129,1797,1,0
BRDA:129,1798,0,0
BRDA:129,1798,1,0
BRDA:129,1799,0,0
BRDA:129,1799,1,0
BRDA:129,1800,0,0
BRDA:129,1800,1,0
BRDA:129,1801,0,0
BRDA:129,1801,1,0
BRDA:129,1802,0,0
BRDA:129,1802,1,0
BRDA:129,1803,0,0
BRDA:129,1803,1,0
BRDA:129,1803,2,0
BRDA:129,1803,3,0
BRDA:133,1804,0,0
BRDA:133,1804,1,0
BRDA:133,1805,0,0
BRDA:133,1805,1,0
BRDA:133,1806,0,0
BRDA:133,1806,1,0
BRDA:133,1807,0,0
BRDA:133,1807,1,0
BRDA:133,1808,0,0
BRDA:133,1808,1,0
BRDA:133,1809,0,0
BRDA:133,1809,1,0
BRDA:133,1810,0,0
BRDA:133,1810,1,0
BRDA:133,1811,0,0
BRDA:133,1811,1,0
BRDA:133,1812,0,1
BRDA:133,1812,1,1
BRDA:133,1813,0,1
BRDA:133,1813,1,1
BRDA:133,1814,0,1
BRDA:133,1814,1,0
BRDA:133,1815,0,1
BRDA:133,1815,1,0
BRDA:133,1816,0,1
BRDA:133,1816,1,1
BRDA:133,1817,0,1
BRDA:133,1817,1,0
BRDA:133,1818,0,1
BRDA:133,1818,1,1
BRDA:133,1819,0,0
BRDA:133,1819,1,1
BRDA:133,1820,0,0
BRDA:133,1820,1,0
BRDA:133,1821,0,0
BRDA:133,1821,1,0
BRDA:133,1822,0,0
BRDA:133,1822,1,0
BRDA:133,1823,0,0
BRDA:133,1823,1,0
BRDA:133,1824,0,0
BRDA:133,1824,1,0
BRDA:133,1825,0,1
BRDA:133,1825,1,1
BRDA:133,1825,2,1
BRDA:133,1825,3,0
BRDA:133,1826,0,1
BRDA:133,1826,1,1
BRDA:133,1827,0,1
BRDA:133,1827,1,1
BRDA:133,1828,0,1
BRDA:133,1828,1,0
BRDA:133,1829,0,1
BRDA:133,1829,1,0
BRDA:133,1830,0,1
BRDA:133,1830,1,1
BRDA:133,1831,0,0
BRDA:133,1831,1,1
BRDA:133,1832,0,0
BRDA:133,1832,1,1
BRDA:133,1833,0,0
BRDA:133,1833,1,1
BRDA:133,1834,0,0
BRDA:133,1834,1,1
BRDA:133,1835,0,1
BRDA:133,1835,1,1
BRDA:133,1836,0,1
BRDA:133,1836,1,0
BRDA:133,1837,0,1
BRDA:133,1837,1,0
BRDA:133,1838,0,0
BRDA:133,1838,1,0
BRDA:133,1839,0,0
BRDA:133,1839,1,0
BRDA:133,1840,0,1
BRDA:133,1840,1,0
BRDA:133,1841,0,1
BRDA:133,1841,1,1
BRDA:133,1842,0,1
BRDA:133,1842,1,1
BRDA:133,1843,0,0
BRDA:133,1843,1,0
BRDA:133,1844,0,0
BRDA:133,1844,1,0
BRDA:133,1845,0,0
BRDA:133,1845,1,0
BRDA:133,1846,0,0
BRDA:133,1846,1,0
BRDA:133,1847,0,0
BRDA:133,1847,1,0
BRDA:133,1848,0,0
BRDA:133,1848,1,0
BRDA:133,1849,0,0
BRDA:133,1849,1,0
BRDA:133,1850,0,1
BRDA:133,1850,1,0
BRDA:133,1851,0,1
BRDA:133,1851,1,0
BRDA:133,1852,0,1
BRDA:133,1852,1,0
BRDA:133,1853,0,0
BRDA:133,1853,1,0
BRDA:133,1854,0,0
BRDA:133,1854,1,0
BRDA:133,1855,0,0
BRDA:133,1855,1,0
BRDA:133,1856,0,0
BRDA:133,1856,1,0
BRDA:133,1857,0,0
BRDA:133,1857,1,0
BRDA:133,1858,0,0
BRDA:133,1858,1,0
BRDA:133,1859,0,0
BRDA:133,1859,1,0
BRDA:133,1860,0,0
BRDA:133,1860,1,0
BRDA:133,1861,0,0
BRDA:133,1861,1,0
BRDA:133,1862,0,0
BRDA:133,1862,1,0
BRDA:133,1863,0,0
BRDA:133,1863,1,0
BRDA:133,1864,0,0
BRDA:133,1864,1,0
BRDA:133,1865,0,1
BRDA:133,1865,1,0
BRDA:133,1866,0,0
BRDA:133,1866,1,1
BRDA:133,1867,0,0
BRDA:133,1867,1,1
BRDA:133,1868,0,1
BRDA:133,1868,1,1
BRDA:133,1869,0,1
BRDA:133,1869,1,0
BRDA:133,1869,2,0
BRDA:133,1870,0,0
BRDA:133,1870,1,1
BRDA:133,1871,0,1
BRDA:133,1871,1,0
BRDA:133,1872,0,1
BRDA:133,1872,1,0
BRDA:134,1873,0,1
BRDA:134,1873,1,0
BRDA:134,1874,0,1
BRDA:134,1874,1,0
BRDA:134,1875,0,1
BRDA:134,1875,1,1
BRDA:134,1876,0,0
BRDA:134,1876,1,0
BRDA:134,1877,0,0
BRDA:134,1877,1,0
BRDA:134,1878,0,1
BRDA:134,1878,1,0
BRF:3992
BRH:506
end_of_record
TN:
SF:src/common/constant/app.constant.js
FNF:0
FNH:0
DA:3,1
DA:5,1
DA:6,1
DA:8,1
DA:9,1
DA:11,1
DA:12,1
DA:13,1
DA:17,1
LF:9
LH:9
BRF:0
BRH:0
end_of_record
TN:
SF:src/common/helpers/exception.helper.js
FN:4,(anonymous_0)
FN:12,(anonymous_1)
FN:20,(anonymous_2)
FNF:3
FNH:0
FNDA:0,(anonymous_0)
FNDA:0,(anonymous_1)
FNDA:0,(anonymous_2)
DA:5,0
DA:6,0
DA:13,0
DA:14,0
DA:21,0
DA:22,0
LF:6
LH:0
BRDA:4,0,0,0
BRDA:12,1,0,0
BRDA:20,2,0,0
BRF:3
BRH:0
end_of_record
TN:
SF:src/common/helpers/status-code.helper.js
FNF:0
FNH:0
DA:1,1
LF:1
LH:1
BRF:0
BRH:0
end_of_record
TN:
SF:src/common/nodemailer/init.nodemailer.js
FN:17,(anonymous_0)
FNF:1
FNH:0
FNDA:0,(anonymous_0)
DA:5,1
DA:17,1
DA:18,0
DA:26,0
LF:4
LH:2
BRF:0
BRH:0
end_of_record
TN:
SF:src/common/prisma/init.prisma.js
FNF:0
FNH:0
DA:3,1
DA:5,1
DA:6,1
DA:7,1
DA:9,0
LF:5
LH:4
BRF:0
BRH:0
end_of_record
TN:
SF:src/services/auth.service.js
FN:8,(anonymous_0)
FN:12,(anonymous_1)
FN:16,(anonymous_2)
FN:20,(anonymous_3)
FN:24,(anonymous_4)
FN:28,(anonymous_5)
FN:58,(anonymous_6)
FN:91,(anonymous_7)
FN:96,(anonymous_8)
FN:118,(anonymous_9)
FNF:10
FNH:1
FNDA:0,(anonymous_0)
FNDA:0,(anonymous_1)
FNDA:0,(anonymous_2)
FNDA:0,(anonymous_3)
FNDA:0,(anonymous_4)
FNDA:1,(anonymous_5)
FNDA:0,(anonymous_6)
FNDA:0,(anonymous_7)
FNDA:0,(anonymous_8)
FNDA:0,(anonymous_9)
DA:7,1
DA:9,0
DA:13,0
DA:17,0
DA:21,0
DA:25,0
DA:29,1
DA:31,1
DA:37,1
DA:38,0
DA:41,1
DA:43,1
DA:51,1
DA:53,1
DA:55,1
DA:59,0
DA:61,0
DA:66,0
DA:73,0
DA:74,0
DA:77,0
DA:78,0
DA:81,0
DA:83,0
DA:86,0
DA:88,0
DA:92,0
DA:93,0
DA:97,0
DA:100,0
DA:101,0
DA:103,0
DA:105,0
DA:110,0
DA:112,0
DA:114,0
DA:115,0
DA:119,0
DA:120,0
DA:121,0
LF:40
LH:9
BRDA:37,0,0,0
BRDA:37,0,1,1
BRDA:66,1,0,0
BRDA:66,1,1,0
BRDA:73,2,0,0
BRDA:73,2,1,0
BRDA:78,3,0,0
BRDA:78,3,1,0
BRDA:103,4,0,0
BRDA:103,4,1,0
BRDA:110,5,0,0
BRDA:110,5,1,0
BRF:12
BRH:1
end_of_record
TN:
SF:src/services/token.service.js
FN:5,(anonymous_0)
FN:15,(anonymous_1)
FN:20,(anonymous_2)
FNF:3
FNH:0
FNDA:0,(anonymous_0)
FNDA:0,(anonymous_1)
FNDA:0,(anonymous_2)
DA:4,1
DA:6,0
DA:7,0
DA:9,0
DA:16,0
DA:17,0
DA:21,0
DA:22,0
LF:8
LH:1
BRF:0
BRH:0
end_of_record
